#
# There is insufficient memory for the Java Runtime Environment to continue.
# Native memory allocation (mmap) failed to map 65536 bytes for Failed to commit metaspace.
# Possible reasons:
#   The system is out of physical RAM or swap space
#   The process is running with CompressedOops enabled, and the Java Heap may be blocking the growth of the native heap
# Possible solutions:
#   Reduce memory load on the system
#   Increase physical memory or swap space
#   Check if swap backing store is full
#   Decrease Java heap size (-Xmx/-Xms)
#   Decrease number of Java threads
#   Decrease Java thread stack sizes (-Xss)
#   Set larger code cache with -XX:ReservedCodeCacheSize=
#   JVM is running with Unscaled Compressed Oops mode in which the Java heap is
#     placed in the first 4GB address space. The Java Heap base address is the
#     maximum limit for the native heap growth. Please use -XX:HeapBaseMinAddress
#     to set the Java Heap base and to place the Java Heap above 4GB virtual address.
# This output file may be truncated or incomplete.
#
#  Out of Memory Error (virtualSpaceNode.cpp:110), pid=28092, tid=20852
#
# JRE version: Java(TM) SE Runtime Environment (17.0.2+8) (build 17.0.2+8-LTS-86)
# Java VM: Java HotSpot(TM) 64-Bit Server VM (17.0.2+8-LTS-86, mixed mode, tiered, compressed oops, compressed class ptrs, g1 gc, windows-amd64)
# No core dump will be written. Minidumps are not enabled by default on client versions of Windows
#

---------------  S U M M A R Y ------------

Command Line: -ea -Dfile.encoding=Cp1252 -XX:+ShowCodeDetailsInExceptionMessages org.testng.remote.RemoteTestNG -serport 52425 -protocol json -d C:\Users\Suchi\new-workspace\travelgoibibo.com\test-output C:\Users\Suchi\new-workspace\travelgoibibo.com\TestNG.xml

Host: Intel(R) Core(TM) i5-1035G1 CPU @ 1.00GHz, 8 cores, 7G,  Windows 11 , 64 bit Build 22000 (10.0.22000.434)
Time: Wed Apr 13 01:01:40 2022 India Standard Time elapsed time: 0.542049 seconds (0d 0h 0m 0s)

---------------  T H R E A D  ---------------

Current thread (0x0000011e4b036a00):  JavaThread "C1 CompilerThread0" daemon [_thread_in_vm, id=20852, stack(0x0000001183500000,0x0000001183600000)]


Current CompileTask:
C1:    542  212       3       java.nio.Buffer::scope (17 bytes)

Stack: [0x0000001183500000,0x0000001183600000]
Native frames: (J=compiled Java code, j=interpreted, Vv=VM code, C=native code)
V  [jvm.dll+0x670baa]
V  [jvm.dll+0x7cfcb4]
V  [jvm.dll+0x7d145e]
V  [jvm.dll+0x7d1ac3]
V  [jvm.dll+0x242bc5]
V  [jvm.dll+0x7cbc5b]
V  [jvm.dll+0x616966]
V  [jvm.dll+0x6169ca]
V  [jvm.dll+0x6191da]
V  [jvm.dll+0x617306]
V  [jvm.dll+0x62846a]
V  [jvm.dll+0x62127a]
V  [jvm.dll+0x1ca2c0]
V  [jvm.dll+0x1ca4af]
V  [jvm.dll+0x13203e]
V  [jvm.dll+0x132366]
V  [jvm.dll+0x1317fa]
V  [jvm.dll+0x1334c1]
V  [jvm.dll+0x224908]
V  [jvm.dll+0x222a6c]
V  [jvm.dll+0x7859bb]
V  [jvm.dll+0x77ff7a]
V  [jvm.dll+0x66fa35]
C  [ucrtbase.dll+0x26c0c]
C  [KERNEL32.DLL+0x154e0]
C  [ntdll.dll+0x485b]


---------------  P R O C E S S  ---------------

Threads class SMR info:
_java_thread_list=0x0000011e4b0e9fb0, length=12, elements={
0x0000011e2c5dd920, 0x0000011e4a5e7260, 0x0000011e4a595ea0, 0x0000011e4a5f24c0,
0x0000011e4a5f2e70, 0x0000011e4a5f5830, 0x0000011e4a5b66c0, 0x0000011e4b035f60,
0x0000011e4b036a00, 0x0000011e4b039f30, 0x0000011e4b199020, 0x0000011e4b1ad1a0
}

Java Threads: ( => current thread )
  0x0000011e2c5dd920 JavaThread "main" [_thread_in_vm, id=1116, stack(0x0000001182700000,0x0000001182800000)]
  0x0000011e4a5e7260 JavaThread "Reference Handler" daemon [_thread_blocked, id=10104, stack(0x0000001182e00000,0x0000001182f00000)]
  0x0000011e4a595ea0 JavaThread "Finalizer" daemon [_thread_blocked, id=9368, stack(0x0000001182f00000,0x0000001183000000)]
  0x0000011e4a5f24c0 JavaThread "Signal Dispatcher" daemon [_thread_blocked, id=13636, stack(0x0000001183000000,0x0000001183100000)]
  0x0000011e4a5f2e70 JavaThread "Attach Listener" daemon [_thread_blocked, id=27096, stack(0x0000001183100000,0x0000001183200000)]
  0x0000011e4a5f5830 JavaThread "Service Thread" daemon [_thread_blocked, id=22592, stack(0x0000001183200000,0x0000001183300000)]
  0x0000011e4a5b66c0 JavaThread "Monitor Deflation Thread" daemon [_thread_blocked, id=6864, stack(0x0000001183300000,0x0000001183400000)]
  0x0000011e4b035f60 JavaThread "C2 CompilerThread0" daemon [_thread_blocked, id=5196, stack(0x0000001183400000,0x0000001183500000)]
=>0x0000011e4b036a00 JavaThread "C1 CompilerThread0" daemon [_thread_in_vm, id=20852, stack(0x0000001183500000,0x0000001183600000)]
  0x0000011e4b039f30 JavaThread "Sweeper thread" daemon [_thread_blocked, id=16476, stack(0x0000001183600000,0x0000001183700000)]
  0x0000011e4b199020 JavaThread "Notification Thread" daemon [_thread_blocked, id=26208, stack(0x0000001183700000,0x0000001183800000)]
  0x0000011e4b1ad1a0 JavaThread "Common-Cleaner" daemon [_thread_blocked, id=5624, stack(0x0000001183900000,0x0000001183a00000)]

Other Threads:
  0x0000011e4a55c7d0 VMThread "VM Thread" [stack: 0x0000001182d00000,0x0000001182e00000] [id=25356]
  0x0000011e4b1a1510 WatcherThread [stack: 0x0000001183800000,0x0000001183900000] [id=3516]
  0x0000011e2c61e530 GCTaskThread "GC Thread#0" [stack: 0x0000001182800000,0x0000001182900000] [id=27540]
  0x0000011e2c62f3d0 ConcurrentGCThread "G1 Main Marker" [stack: 0x0000001182900000,0x0000001182a00000] [id=6904]
  0x0000011e2c62fce0 ConcurrentGCThread "G1 Conc#0" [stack: 0x0000001182a00000,0x0000001182b00000] [id=26180]
  0x0000011e4a410090 ConcurrentGCThread "G1 Refine#0" [stack: 0x0000001182b00000,0x0000001182c00000] [id=23024]
  0x0000011e4a4109b0 ConcurrentGCThread "G1 Service" [stack: 0x0000001182c00000,0x0000001182d00000] [id=22188]

Threads with active compile tasks:
C1 CompilerThread0      574  212       3       java.nio.Buffer::scope (17 bytes)

VM state: not at safepoint (normal execution)

VM Mutex/Monitor currently owned by a thread:  ([mutex/lock_event])
[0x0000011e2c5d8be0] Metaspace_lock - owner thread: 0x0000011e4b036a00
[0x0000011e2c5d91d0] MethodData_lock - owner thread: 0x0000011e4b036a00

Heap address: 0x0000000083a00000, size: 1990 MB, Compressed Oops mode: 32-bit

CDS archive(s) not mapped
Compressed class space mapped at: 0x0000000100000000-0x0000000140000000, reserved size: 1073741824
Narrow klass base: 0x0000000000000000, Narrow klass shift: 3, Narrow klass range: 0x140000000

GC Precious Log:
 CPUs: 8 total, 8 available
 Memory: 7959M
 Large Page Support: Disabled
 NUMA Support: Disabled
 Compressed Oops: Enabled (32-bit)
 Heap Region Size: 1M
 Heap Min Capacity: 8M
 Heap Initial Capacity: 126M
 Heap Max Capacity: 1990M
 Pre-touch: Disabled
 Parallel Workers: 8
 Concurrent Workers: 2
 Concurrent Refinement Workers: 8
 Periodic GC: Disabled

Heap:
 garbage-first heap   total 129024K, used 3072K [0x0000000083a00000, 0x0000000100000000)
  region size 1024K, 5 young (5120K), 0 survivors (0K)
 Metaspace       used 4896K, committed 5056K, reserved 1056768K
  class space    used 406K, committed 512K, reserved 1048576K

Heap Regions: E=young(eden), S=young(survivor), O=old, HS=humongous(starts), HC=humongous(continues), CS=collection set, F=free, OA=open archive, CA=closed archive, TAMS=top-at-mark-start (previous, next)
|   0|0x0000000083a00000, 0x0000000083a00000, 0x0000000083b00000|  0%| F|  |TAMS 0x0000000083a00000, 0x0000000083a00000| Untracked 
|   1|0x0000000083b00000, 0x0000000083b00000, 0x0000000083c00000|  0%| F|  |TAMS 0x0000000083b00000, 0x0000000083b00000| Untracked 
|   2|0x0000000083c00000, 0x0000000083c00000, 0x0000000083d00000|  0%| F|  |TAMS 0x0000000083c00000, 0x0000000083c00000| Untracked 
|   3|0x0000000083d00000, 0x0000000083d00000, 0x0000000083e00000|  0%| F|  |TAMS 0x0000000083d00000, 0x0000000083d00000| Untracked 
|   4|0x0000000083e00000, 0x0000000083e00000, 0x0000000083f00000|  0%| F|  |TAMS 0x0000000083e00000, 0x0000000083e00000| Untracked 
|   5|0x0000000083f00000, 0x0000000083f00000, 0x0000000084000000|  0%| F|  |TAMS 0x0000000083f00000, 0x0000000083f00000| Untracked 
|   6|0x0000000084000000, 0x0000000084000000, 0x0000000084100000|  0%| F|  |TAMS 0x0000000084000000, 0x0000000084000000| Untracked 
|   7|0x0000000084100000, 0x0000000084100000, 0x0000000084200000|  0%| F|  |TAMS 0x0000000084100000, 0x0000000084100000| Untracked 
|   8|0x0000000084200000, 0x0000000084200000, 0x0000000084300000|  0%| F|  |TAMS 0x0000000084200000, 0x0000000084200000| Untracked 
|   9|0x0000000084300000, 0x0000000084300000, 0x0000000084400000|  0%| F|  |TAMS 0x0000000084300000, 0x0000000084300000| Untracked 
|  10|0x0000000084400000, 0x0000000084400000, 0x0000000084500000|  0%| F|  |TAMS 0x0000000084400000, 0x0000000084400000| Untracked 
|  11|0x0000000084500000, 0x0000000084500000, 0x0000000084600000|  0%| F|  |TAMS 0x0000000084500000, 0x0000000084500000| Untracked 
|  12|0x0000000084600000, 0x0000000084600000, 0x0000000084700000|  0%| F|  |TAMS 0x0000000084600000, 0x0000000084600000| Untracked 
|  13|0x0000000084700000, 0x0000000084700000, 0x0000000084800000|  0%| F|  |TAMS 0x0000000084700000, 0x0000000084700000| Untracked 
|  14|0x0000000084800000, 0x0000000084800000, 0x0000000084900000|  0%| F|  |TAMS 0x0000000084800000, 0x0000000084800000| Untracked 
|  15|0x0000000084900000, 0x0000000084900000, 0x0000000084a00000|  0%| F|  |TAMS 0x0000000084900000, 0x0000000084900000| Untracked 
|  16|0x0000000084a00000, 0x0000000084a00000, 0x0000000084b00000|  0%| F|  |TAMS 0x0000000084a00000, 0x0000000084a00000| Untracked 
|  17|0x0000000084b00000, 0x0000000084b00000, 0x0000000084c00000|  0%| F|  |TAMS 0x0000000084b00000, 0x0000000084b00000| Untracked 
|  18|0x0000000084c00000, 0x0000000084c00000, 0x0000000084d00000|  0%| F|  |TAMS 0x0000000084c00000, 0x0000000084c00000| Untracked 
|  19|0x0000000084d00000, 0x0000000084d00000, 0x0000000084e00000|  0%| F|  |TAMS 0x0000000084d00000, 0x0000000084d00000| Untracked 
|  20|0x0000000084e00000, 0x0000000084e00000, 0x0000000084f00000|  0%| F|  |TAMS 0x0000000084e00000, 0x0000000084e00000| Untracked 
|  21|0x0000000084f00000, 0x0000000084f00000, 0x0000000085000000|  0%| F|  |TAMS 0x0000000084f00000, 0x0000000084f00000| Untracked 
|  22|0x0000000085000000, 0x0000000085000000, 0x0000000085100000|  0%| F|  |TAMS 0x0000000085000000, 0x0000000085000000| Untracked 
|  23|0x0000000085100000, 0x0000000085100000, 0x0000000085200000|  0%| F|  |TAMS 0x0000000085100000, 0x0000000085100000| Untracked 
|  24|0x0000000085200000, 0x0000000085200000, 0x0000000085300000|  0%| F|  |TAMS 0x0000000085200000, 0x0000000085200000| Untracked 
|  25|0x0000000085300000, 0x0000000085300000, 0x0000000085400000|  0%| F|  |TAMS 0x0000000085300000, 0x0000000085300000| Untracked 
|  26|0x0000000085400000, 0x0000000085400000, 0x0000000085500000|  0%| F|  |TAMS 0x0000000085400000, 0x0000000085400000| Untracked 
|  27|0x0000000085500000, 0x0000000085500000, 0x0000000085600000|  0%| F|  |TAMS 0x0000000085500000, 0x0000000085500000| Untracked 
|  28|0x0000000085600000, 0x0000000085600000, 0x0000000085700000|  0%| F|  |TAMS 0x0000000085600000, 0x0000000085600000| Untracked 
|  29|0x0000000085700000, 0x0000000085700000, 0x0000000085800000|  0%| F|  |TAMS 0x0000000085700000, 0x0000000085700000| Untracked 
|  30|0x0000000085800000, 0x0000000085800000, 0x0000000085900000|  0%| F|  |TAMS 0x0000000085800000, 0x0000000085800000| Untracked 
|  31|0x0000000085900000, 0x0000000085900000, 0x0000000085a00000|  0%| F|  |TAMS 0x0000000085900000, 0x0000000085900000| Untracked 
|  32|0x0000000085a00000, 0x0000000085a00000, 0x0000000085b00000|  0%| F|  |TAMS 0x0000000085a00000, 0x0000000085a00000| Untracked 
|  33|0x0000000085b00000, 0x0000000085b00000, 0x0000000085c00000|  0%| F|  |TAMS 0x0000000085b00000, 0x0000000085b00000| Untracked 
|  34|0x0000000085c00000, 0x0000000085c00000, 0x0000000085d00000|  0%| F|  |TAMS 0x0000000085c00000, 0x0000000085c00000| Untracked 
|  35|0x0000000085d00000, 0x0000000085d00000, 0x0000000085e00000|  0%| F|  |TAMS 0x0000000085d00000, 0x0000000085d00000| Untracked 
|  36|0x0000000085e00000, 0x0000000085e00000, 0x0000000085f00000|  0%| F|  |TAMS 0x0000000085e00000, 0x0000000085e00000| Untracked 
|  37|0x0000000085f00000, 0x0000000085f00000, 0x0000000086000000|  0%| F|  |TAMS 0x0000000085f00000, 0x0000000085f00000| Untracked 
|  38|0x0000000086000000, 0x0000000086000000, 0x0000000086100000|  0%| F|  |TAMS 0x0000000086000000, 0x0000000086000000| Untracked 
|  39|0x0000000086100000, 0x0000000086100000, 0x0000000086200000|  0%| F|  |TAMS 0x0000000086100000, 0x0000000086100000| Untracked 
|  40|0x0000000086200000, 0x0000000086200000, 0x0000000086300000|  0%| F|  |TAMS 0x0000000086200000, 0x0000000086200000| Untracked 
|  41|0x0000000086300000, 0x0000000086300000, 0x0000000086400000|  0%| F|  |TAMS 0x0000000086300000, 0x0000000086300000| Untracked 
|  42|0x0000000086400000, 0x0000000086400000, 0x0000000086500000|  0%| F|  |TAMS 0x0000000086400000, 0x0000000086400000| Untracked 
|  43|0x0000000086500000, 0x0000000086500000, 0x0000000086600000|  0%| F|  |TAMS 0x0000000086500000, 0x0000000086500000| Untracked 
|  44|0x0000000086600000, 0x0000000086600000, 0x0000000086700000|  0%| F|  |TAMS 0x0000000086600000, 0x0000000086600000| Untracked 
|  45|0x0000000086700000, 0x0000000086700000, 0x0000000086800000|  0%| F|  |TAMS 0x0000000086700000, 0x0000000086700000| Untracked 
|  46|0x0000000086800000, 0x0000000086800000, 0x0000000086900000|  0%| F|  |TAMS 0x0000000086800000, 0x0000000086800000| Untracked 
|  47|0x0000000086900000, 0x0000000086900000, 0x0000000086a00000|  0%| F|  |TAMS 0x0000000086900000, 0x0000000086900000| Untracked 
|  48|0x0000000086a00000, 0x0000000086a00000, 0x0000000086b00000|  0%| F|  |TAMS 0x0000000086a00000, 0x0000000086a00000| Untracked 
|  49|0x0000000086b00000, 0x0000000086b00000, 0x0000000086c00000|  0%| F|  |TAMS 0x0000000086b00000, 0x0000000086b00000| Untracked 
|  50|0x0000000086c00000, 0x0000000086c00000, 0x0000000086d00000|  0%| F|  |TAMS 0x0000000086c00000, 0x0000000086c00000| Untracked 
|  51|0x0000000086d00000, 0x0000000086d00000, 0x0000000086e00000|  0%| F|  |TAMS 0x0000000086d00000, 0x0000000086d00000| Untracked 
|  52|0x0000000086e00000, 0x0000000086e00000, 0x0000000086f00000|  0%| F|  |TAMS 0x0000000086e00000, 0x0000000086e00000| Untracked 
|  53|0x0000000086f00000, 0x0000000086f00000, 0x0000000087000000|  0%| F|  |TAMS 0x0000000086f00000, 0x0000000086f00000| Untracked 
|  54|0x0000000087000000, 0x0000000087000000, 0x0000000087100000|  0%| F|  |TAMS 0x0000000087000000, 0x0000000087000000| Untracked 
|  55|0x0000000087100000, 0x0000000087100000, 0x0000000087200000|  0%| F|  |TAMS 0x0000000087100000, 0x0000000087100000| Untracked 
|  56|0x0000000087200000, 0x0000000087200000, 0x0000000087300000|  0%| F|  |TAMS 0x0000000087200000, 0x0000000087200000| Untracked 
|  57|0x0000000087300000, 0x0000000087300000, 0x0000000087400000|  0%| F|  |TAMS 0x0000000087300000, 0x0000000087300000| Untracked 
|  58|0x0000000087400000, 0x0000000087400000, 0x0000000087500000|  0%| F|  |TAMS 0x0000000087400000, 0x0000000087400000| Untracked 
|  59|0x0000000087500000, 0x0000000087500000, 0x0000000087600000|  0%| F|  |TAMS 0x0000000087500000, 0x0000000087500000| Untracked 
|  60|0x0000000087600000, 0x0000000087600000, 0x0000000087700000|  0%| F|  |TAMS 0x0000000087600000, 0x0000000087600000| Untracked 
|  61|0x0000000087700000, 0x0000000087700000, 0x0000000087800000|  0%| F|  |TAMS 0x0000000087700000, 0x0000000087700000| Untracked 
|  62|0x0000000087800000, 0x0000000087800000, 0x0000000087900000|  0%| F|  |TAMS 0x0000000087800000, 0x0000000087800000| Untracked 
|  63|0x0000000087900000, 0x0000000087900000, 0x0000000087a00000|  0%| F|  |TAMS 0x0000000087900000, 0x0000000087900000| Untracked 
|  64|0x0000000087a00000, 0x0000000087a00000, 0x0000000087b00000|  0%| F|  |TAMS 0x0000000087a00000, 0x0000000087a00000| Untracked 
|  65|0x0000000087b00000, 0x0000000087b00000, 0x0000000087c00000|  0%| F|  |TAMS 0x0000000087b00000, 0x0000000087b00000| Untracked 
|  66|0x0000000087c00000, 0x0000000087c00000, 0x0000000087d00000|  0%| F|  |TAMS 0x0000000087c00000, 0x0000000087c00000| Untracked 
|  67|0x0000000087d00000, 0x0000000087d00000, 0x0000000087e00000|  0%| F|  |TAMS 0x0000000087d00000, 0x0000000087d00000| Untracked 
|  68|0x0000000087e00000, 0x0000000087e00000, 0x0000000087f00000|  0%| F|  |TAMS 0x0000000087e00000, 0x0000000087e00000| Untracked 
|  69|0x0000000087f00000, 0x0000000087f00000, 0x0000000088000000|  0%| F|  |TAMS 0x0000000087f00000, 0x0000000087f00000| Untracked 
|  70|0x0000000088000000, 0x0000000088000000, 0x0000000088100000|  0%| F|  |TAMS 0x0000000088000000, 0x0000000088000000| Untracked 
|  71|0x0000000088100000, 0x0000000088100000, 0x0000000088200000|  0%| F|  |TAMS 0x0000000088100000, 0x0000000088100000| Untracked 
|  72|0x0000000088200000, 0x0000000088200000, 0x0000000088300000|  0%| F|  |TAMS 0x0000000088200000, 0x0000000088200000| Untracked 
|  73|0x0000000088300000, 0x0000000088300000, 0x0000000088400000|  0%| F|  |TAMS 0x0000000088300000, 0x0000000088300000| Untracked 
|  74|0x0000000088400000, 0x0000000088400000, 0x0000000088500000|  0%| F|  |TAMS 0x0000000088400000, 0x0000000088400000| Untracked 
|  75|0x0000000088500000, 0x0000000088500000, 0x0000000088600000|  0%| F|  |TAMS 0x0000000088500000, 0x0000000088500000| Untracked 
|  76|0x0000000088600000, 0x0000000088600000, 0x0000000088700000|  0%| F|  |TAMS 0x0000000088600000, 0x0000000088600000| Untracked 
|  77|0x0000000088700000, 0x0000000088700000, 0x0000000088800000|  0%| F|  |TAMS 0x0000000088700000, 0x0000000088700000| Untracked 
|  78|0x0000000088800000, 0x0000000088800000, 0x0000000088900000|  0%| F|  |TAMS 0x0000000088800000, 0x0000000088800000| Untracked 
|  79|0x0000000088900000, 0x0000000088900000, 0x0000000088a00000|  0%| F|  |TAMS 0x0000000088900000, 0x0000000088900000| Untracked 
|  80|0x0000000088a00000, 0x0000000088a00000, 0x0000000088b00000|  0%| F|  |TAMS 0x0000000088a00000, 0x0000000088a00000| Untracked 
|  81|0x0000000088b00000, 0x0000000088b00000, 0x0000000088c00000|  0%| F|  |TAMS 0x0000000088b00000, 0x0000000088b00000| Untracked 
|  82|0x0000000088c00000, 0x0000000088c00000, 0x0000000088d00000|  0%| F|  |TAMS 0x0000000088c00000, 0x0000000088c00000| Untracked 
|  83|0x0000000088d00000, 0x0000000088d00000, 0x0000000088e00000|  0%| F|  |TAMS 0x0000000088d00000, 0x0000000088d00000| Untracked 
|  84|0x0000000088e00000, 0x0000000088e00000, 0x0000000088f00000|  0%| F|  |TAMS 0x0000000088e00000, 0x0000000088e00000| Untracked 
|  85|0x0000000088f00000, 0x0000000088f00000, 0x0000000089000000|  0%| F|  |TAMS 0x0000000088f00000, 0x0000000088f00000| Untracked 
|  86|0x0000000089000000, 0x0000000089000000, 0x0000000089100000|  0%| F|  |TAMS 0x0000000089000000, 0x0000000089000000| Untracked 
|  87|0x0000000089100000, 0x0000000089100000, 0x0000000089200000|  0%| F|  |TAMS 0x0000000089100000, 0x0000000089100000| Untracked 
|  88|0x0000000089200000, 0x0000000089200000, 0x0000000089300000|  0%| F|  |TAMS 0x0000000089200000, 0x0000000089200000| Untracked 
|  89|0x0000000089300000, 0x0000000089300000, 0x0000000089400000|  0%| F|  |TAMS 0x0000000089300000, 0x0000000089300000| Untracked 
|  90|0x0000000089400000, 0x0000000089400000, 0x0000000089500000|  0%| F|  |TAMS 0x0000000089400000, 0x0000000089400000| Untracked 
|  91|0x0000000089500000, 0x0000000089500000, 0x0000000089600000|  0%| F|  |TAMS 0x0000000089500000, 0x0000000089500000| Untracked 
|  92|0x0000000089600000, 0x0000000089600000, 0x0000000089700000|  0%| F|  |TAMS 0x0000000089600000, 0x0000000089600000| Untracked 
|  93|0x0000000089700000, 0x0000000089700000, 0x0000000089800000|  0%| F|  |TAMS 0x0000000089700000, 0x0000000089700000| Untracked 
|  94|0x0000000089800000, 0x0000000089800000, 0x0000000089900000|  0%| F|  |TAMS 0x0000000089800000, 0x0000000089800000| Untracked 
|  95|0x0000000089900000, 0x0000000089900000, 0x0000000089a00000|  0%| F|  |TAMS 0x0000000089900000, 0x0000000089900000| Untracked 
|  96|0x0000000089a00000, 0x0000000089a00000, 0x0000000089b00000|  0%| F|  |TAMS 0x0000000089a00000, 0x0000000089a00000| Untracked 
|  97|0x0000000089b00000, 0x0000000089b00000, 0x0000000089c00000|  0%| F|  |TAMS 0x0000000089b00000, 0x0000000089b00000| Untracked 
|  98|0x0000000089c00000, 0x0000000089c00000, 0x0000000089d00000|  0%| F|  |TAMS 0x0000000089c00000, 0x0000000089c00000| Untracked 
|  99|0x0000000089d00000, 0x0000000089d00000, 0x0000000089e00000|  0%| F|  |TAMS 0x0000000089d00000, 0x0000000089d00000| Untracked 
| 100|0x0000000089e00000, 0x0000000089e00000, 0x0000000089f00000|  0%| F|  |TAMS 0x0000000089e00000, 0x0000000089e00000| Untracked 
| 101|0x0000000089f00000, 0x0000000089f00000, 0x000000008a000000|  0%| F|  |TAMS 0x0000000089f00000, 0x0000000089f00000| Untracked 
| 102|0x000000008a000000, 0x000000008a000000, 0x000000008a100000|  0%| F|  |TAMS 0x000000008a000000, 0x000000008a000000| Untracked 
| 103|0x000000008a100000, 0x000000008a100000, 0x000000008a200000|  0%| F|  |TAMS 0x000000008a100000, 0x000000008a100000| Untracked 
| 104|0x000000008a200000, 0x000000008a200000, 0x000000008a300000|  0%| F|  |TAMS 0x000000008a200000, 0x000000008a200000| Untracked 
| 105|0x000000008a300000, 0x000000008a300000, 0x000000008a400000|  0%| F|  |TAMS 0x000000008a300000, 0x000000008a300000| Untracked 
| 106|0x000000008a400000, 0x000000008a400000, 0x000000008a500000|  0%| F|  |TAMS 0x000000008a400000, 0x000000008a400000| Untracked 
| 107|0x000000008a500000, 0x000000008a500000, 0x000000008a600000|  0%| F|  |TAMS 0x000000008a500000, 0x000000008a500000| Untracked 
| 108|0x000000008a600000, 0x000000008a600000, 0x000000008a700000|  0%| F|  |TAMS 0x000000008a600000, 0x000000008a600000| Untracked 
| 109|0x000000008a700000, 0x000000008a700000, 0x000000008a800000|  0%| F|  |TAMS 0x000000008a700000, 0x000000008a700000| Untracked 
| 110|0x000000008a800000, 0x000000008a800000, 0x000000008a900000|  0%| F|  |TAMS 0x000000008a800000, 0x000000008a800000| Untracked 
| 111|0x000000008a900000, 0x000000008a900000, 0x000000008aa00000|  0%| F|  |TAMS 0x000000008a900000, 0x000000008a900000| Untracked 
| 112|0x000000008aa00000, 0x000000008aa00000, 0x000000008ab00000|  0%| F|  |TAMS 0x000000008aa00000, 0x000000008aa00000| Untracked 
| 113|0x000000008ab00000, 0x000000008ab00000, 0x000000008ac00000|  0%| F|  |TAMS 0x000000008ab00000, 0x000000008ab00000| Untracked 
| 114|0x000000008ac00000, 0x000000008ac00000, 0x000000008ad00000|  0%| F|  |TAMS 0x000000008ac00000, 0x000000008ac00000| Untracked 
| 115|0x000000008ad00000, 0x000000008ad00000, 0x000000008ae00000|  0%| F|  |TAMS 0x000000008ad00000, 0x000000008ad00000| Untracked 
| 116|0x000000008ae00000, 0x000000008ae00000, 0x000000008af00000|  0%| F|  |TAMS 0x000000008ae00000, 0x000000008ae00000| Untracked 
| 117|0x000000008af00000, 0x000000008af00000, 0x000000008b000000|  0%| F|  |TAMS 0x000000008af00000, 0x000000008af00000| Untracked 
| 118|0x000000008b000000, 0x000000008b000000, 0x000000008b100000|  0%| F|  |TAMS 0x000000008b000000, 0x000000008b000000| Untracked 
| 119|0x000000008b100000, 0x000000008b100000, 0x000000008b200000|  0%| F|  |TAMS 0x000000008b100000, 0x000000008b100000| Untracked 
| 120|0x000000008b200000, 0x000000008b200000, 0x000000008b300000|  0%| F|  |TAMS 0x000000008b200000, 0x000000008b200000| Untracked 
| 121|0x000000008b300000, 0x000000008b3c4d78, 0x000000008b400000| 76%| E|  |TAMS 0x000000008b300000, 0x000000008b300000| Complete 
| 122|0x000000008b400000, 0x000000008b500000, 0x000000008b500000|100%| E|CS|TAMS 0x000000008b400000, 0x000000008b400000| Complete 
| 123|0x000000008b500000, 0x000000008b600000, 0x000000008b600000|100%| E|CS|TAMS 0x000000008b500000, 0x000000008b500000| Complete 
| 124|0x000000008b600000, 0x000000008b700000, 0x000000008b700000|100%| E|  |TAMS 0x000000008b600000, 0x000000008b600000| Complete 
| 125|0x000000008b700000, 0x000000008b800000, 0x000000008b800000|100%| E|CS|TAMS 0x000000008b700000, 0x000000008b700000| Complete 

Card table byte_map: [0x0000011e43560000,0x0000011e43950000] _byte_map_base: 0x0000011e43143000

Marking Bits (Prev, Next): (CMBitMap*) 0x0000011e2c61ea40, (CMBitMap*) 0x0000011e2c61ea80
 Prev Bits: [0x0000011e43d40000, 0x0000011e45c58000)
 Next Bits: [0x0000011e45c60000, 0x0000011e47b78000)

Polling page: 0x0000011e2a520000

Metaspace:

Usage:
  Non-class:      4.39 MB used.
      Class:    406.52 KB used.
       Both:      4.78 MB used.

Virtual space:
  Non-class space:        8.00 MB reserved,       4.44 MB ( 55%) committed,  1 nodes.
      Class space:        1.00 GB reserved,     512.00 KB ( <1%) committed,  1 nodes.
             Both:        1.01 GB reserved,       4.94 MB ( <1%) committed. 

Chunk freelists:
   Non-Class:  2.99 MB
       Class:  3.56 MB
        Both:  6.55 MB

MaxMetaspaceSize: unlimited
CompressedClassSpaceSize: 1.00 GB
Initial GC threshold: 21.00 MB
Current GC threshold: 21.00 MB
CDS: off
MetaspaceReclaimPolicy: balanced
 - commit_granule_bytes: 65536.
 - commit_granule_words: 8192.
 - virtual_space_node_default_size: 1048576.
 - enlarge_chunks_in_place: 1.
 - new_chunks_are_fully_committed: 0.
 - uncommit_free_chunks: 1.
 - use_allocation_guard: 0.
 - handle_deallocations: 1.


Internal statistics:

num_allocs_failed_limit: 0.
num_arena_births: 4.
num_arena_deaths: 0.
num_vsnodes_births: 2.
num_vsnodes_deaths: 0.
num_space_committed: 79.
num_space_uncommitted: 0.
num_chunks_returned_to_freelist: 0.
num_chunks_taken_from_freelist: 9.
num_chunk_merges: 0.
num_chunk_splits: 4.
num_chunks_enlarged: 1.
num_purges: 0.
num_inconsistent_stats: 0.

CodeHeap 'non-profiled nmethods': size=120000Kb used=58Kb max_used=58Kb free=119941Kb
 bounds [0x0000011e3b900000, 0x0000011e3bb70000, 0x0000011e42e30000]
CodeHeap 'profiled nmethods': size=120000Kb used=288Kb max_used=288Kb free=119711Kb
 bounds [0x0000011e343d0000, 0x0000011e34640000, 0x0000011e3b900000]
CodeHeap 'non-nmethods': size=5760Kb used=1068Kb max_used=1083Kb free=4691Kb
 bounds [0x0000011e33e30000, 0x0000011e340a0000, 0x0000011e343d0000]
 total_blobs=529 nmethods=211 adapters=231
 compilation: enabled
              stopped_count=0, restarted_count=0
 full_count=0

Compilation events (20 events):
Event: 0.520 Thread 0x0000011e4b036a00 nmethod 202 0x0000011e34414390 code [0x0000011e34414540, 0x0000011e34414818]
Event: 0.520 Thread 0x0000011e4b036a00  203       3       jdk.internal.ref.PhantomCleanable::<init> (49 bytes)
Event: 0.521 Thread 0x0000011e4b036a00 nmethod 203 0x0000011e34414910 code [0x0000011e34414b60, 0x0000011e34415658]
Event: 0.521 Thread 0x0000011e4b036a00  204   !   3       jdk.internal.ref.PhantomCleanable::insert (53 bytes)
Event: 0.521 Thread 0x0000011e4b036a00 nmethod 204 0x0000011e34415990 code [0x0000011e34415b40, 0x0000011e34415eb8]
Event: 0.528 Thread 0x0000011e4b036a00  205       1       java.util.ArrayList::size (5 bytes)
Event: 0.528 Thread 0x0000011e4b036a00 nmethod 205 0x0000011e3b90e890 code [0x0000011e3b90ea20, 0x0000011e3b90eaf8]
Event: 0.532 Thread 0x0000011e4b036a00  206       3       java.util.zip.Inflater::ensureOpen (47 bytes)
Event: 0.532 Thread 0x0000011e4b036a00 nmethod 206 0x0000011e34416010 code [0x0000011e344161c0, 0x0000011e34416428]
Event: 0.532 Thread 0x0000011e4b036a00  207       3       java.lang.ThreadLocal::getMap (5 bytes)
Event: 0.532 Thread 0x0000011e4b036a00 nmethod 207 0x0000011e34416510 code [0x0000011e344166a0, 0x0000011e344167b8]
Event: 0.535 Thread 0x0000011e4b036a00  208       3       java.util.zip.ZipFile$Source::isMetaName (141 bytes)
Event: 0.535 Thread 0x0000011e4b036a00 nmethod 208 0x0000011e34416890 code [0x0000011e34416a40, 0x0000011e34416f58]
Event: 0.536 Thread 0x0000011e4b036a00  209       3       java.lang.ThreadLocal::get (38 bytes)
Event: 0.536 Thread 0x0000011e4b036a00 nmethod 209 0x0000011e34417110 code [0x0000011e344172e0, 0x0000011e34417618]
Event: 0.536 Thread 0x0000011e4b036a00  210       3       java.lang.ThreadLocal$ThreadLocalMap::getEntry (42 bytes)
Event: 0.536 Thread 0x0000011e4b036a00 nmethod 210 0x0000011e34417790 code [0x0000011e34417960, 0x0000011e34417d38]
Event: 0.536 Thread 0x0000011e4b036a00  211       3       jdk.internal.misc.Unsafe::getInt (7 bytes)
Event: 0.536 Thread 0x0000011e4b036a00 nmethod 211 0x0000011e34417f10 code [0x0000011e344180a0, 0x0000011e344181b8]
Event: 0.538 Thread 0x0000011e4b036a00  212       3       java.nio.Buffer::scope (17 bytes)

GC Heap History (0 events):
No events

Deoptimization events (12 events):
Event: 0.217 Thread 0x0000011e2c5dd920 Uncommon trap: trap_request=0xffffff45 fr.pc=0x0000011e3b900ef4 relative=0x0000000000000074
Event: 0.217 Thread 0x0000011e2c5dd920 Uncommon trap: reason=unstable_if action=reinterpret pc=0x0000011e3b900ef4 method=java.lang.String.isLatin1()Z @ 10 c2
Event: 0.217 Thread 0x0000011e2c5dd920 DEOPT PACKING pc=0x0000011e3b900ef4 sp=0x00000011827feff0
Event: 0.217 Thread 0x0000011e2c5dd920 DEOPT UNPACKING pc=0x0000011e33e85c23 sp=0x00000011827fef30 mode 2
Event: 0.345 Thread 0x0000011e2c5dd920 DEOPT PACKING pc=0x0000011e343d9a67 sp=0x00000011827fa890
Event: 0.345 Thread 0x0000011e2c5dd920 DEOPT UNPACKING pc=0x0000011e33e86763 sp=0x00000011827f9cb0 mode 0
Event: 0.380 Thread 0x0000011e2c5dd920 DEOPT PACKING pc=0x0000011e343d77d1 sp=0x00000011827fa350
Event: 0.380 Thread 0x0000011e2c5dd920 DEOPT UNPACKING pc=0x0000011e33e86763 sp=0x00000011827f97c8 mode 0
Event: 0.528 Thread 0x0000011e2c5dd920 Uncommon trap: trap_request=0xffffff45 fr.pc=0x0000011e3b907f94 relative=0x0000000000000174
Event: 0.528 Thread 0x0000011e2c5dd920 Uncommon trap: reason=unstable_if action=reinterpret pc=0x0000011e3b907f94 method=java.util.zip.ZipFile$Source.isMetaName([BII)Z @ 43 c2
Event: 0.528 Thread 0x0000011e2c5dd920 DEOPT PACKING pc=0x0000011e3b907f94 sp=0x00000011827fa620
Event: 0.528 Thread 0x0000011e2c5dd920 DEOPT UNPACKING pc=0x0000011e33e85c23 sp=0x00000011827fa5c8 mode 2

Classes unloaded (0 events):
No events

Classes redefined (0 events):
No events

Internal exceptions (0 events):
No events

VM Operations (2 events):
Event: 0.250 Executing VM operation: HandshakeAllThreads
Event: 0.250 Executing VM operation: HandshakeAllThreads done

Events (20 events):
Event: 0.376 loading class java/io/InputStreamReader
Event: 0.376 loading class java/io/InputStreamReader done
Event: 0.376 loading class sun/nio/cs/StreamDecoder
Event: 0.376 loading class sun/nio/cs/StreamDecoder done
Event: 0.376 loading class sun/nio/cs/UTF_8$Decoder
Event: 0.377 loading class sun/nio/cs/UTF_8$Decoder done
Event: 0.377 loading class java/util/Vector
Event: 0.377 loading class java/util/Vector done
Event: 0.377 loading class java/nio/CharBuffer
Event: 0.378 loading class java/nio/CharBuffer done
Event: 0.378 loading class java/nio/HeapCharBuffer
Event: 0.378 loading class java/nio/HeapCharBuffer done
Event: 0.378 loading class java/nio/charset/CoderResult
Event: 0.378 loading class java/nio/charset/CoderResult done
Event: 0.379 loading class java/util/LinkedList
Event: 0.379 loading class java/util/AbstractSequentialList
Event: 0.379 loading class java/util/AbstractSequentialList done
Event: 0.380 loading class java/util/LinkedList done
Event: 0.380 loading class java/util/LinkedList$Node
Event: 0.380 loading class java/util/LinkedList$Node done


Dynamic libraries:
0x00007ff724990000 - 0x00007ff7249a0000 	C:\Program Files\Java\jdk-17.0.2\bin\javaw.exe
0x00007ffdc4c40000 - 0x00007ffdc4e49000 	C:\WINDOWS\SYSTEM32\ntdll.dll
0x00007ffdc3fc0000 - 0x00007ffdc407d000 	C:\WINDOWS\System32\KERNEL32.DLL
0x00007ffdc2760000 - 0x00007ffdc2ad4000 	C:\WINDOWS\System32\KERNELBASE.dll
0x00007ffdc2520000 - 0x00007ffdc2631000 	C:\WINDOWS\System32\ucrtbase.dll
0x00007ffdaa210000 - 0x00007ffdaa22a000 	C:\Program Files\Java\jdk-17.0.2\bin\VCRUNTIME140.dll
0x00007ffdac590000 - 0x00007ffdac5a8000 	C:\Program Files\Java\jdk-17.0.2\bin\jli.dll
0x00007ffdc2e20000 - 0x00007ffdc2ece000 	C:\WINDOWS\System32\ADVAPI32.dll
0x00007ffdc3dd0000 - 0x00007ffdc3e73000 	C:\WINDOWS\System32\msvcrt.dll
0x00007ffdc3d20000 - 0x00007ffdc3dbe000 	C:\WINDOWS\System32\sechost.dll
0x00007ffdc3e80000 - 0x00007ffdc3fa0000 	C:\WINDOWS\System32\RPCRT4.dll
0x00007ffdc47c0000 - 0x00007ffdc496c000 	C:\WINDOWS\System32\USER32.dll
0x00007ffdc2470000 - 0x00007ffdc2496000 	C:\WINDOWS\System32\win32u.dll
0x00007ffdc2ae0000 - 0x00007ffdc2b09000 	C:\WINDOWS\System32\GDI32.dll
0x00007ffdc1310000 - 0x00007ffdc15b5000 	C:\WINDOWS\WinSxS\amd64_microsoft.windows.common-controls_6595b64144ccf1df_6.0.22000.120_none_9d947278b86cc467\COMCTL32.dll
0x00007ffdc2640000 - 0x00007ffdc2752000 	C:\WINDOWS\System32\gdi32full.dll
0x00007ffdc2260000 - 0x00007ffdc22fd000 	C:\WINDOWS\System32\msvcp_win.dll
0x00007ffdb8c90000 - 0x00007ffdb8c9a000 	C:\WINDOWS\SYSTEM32\VERSION.dll
0x00007ffdc4ad0000 - 0x00007ffdc4b01000 	C:\WINDOWS\System32\IMM32.DLL
0x00007ffdaea60000 - 0x00007ffdaea6c000 	C:\Program Files\Java\jdk-17.0.2\bin\vcruntime140_1.dll
0x00007ffd93a50000 - 0x00007ffd93add000 	C:\Program Files\Java\jdk-17.0.2\bin\msvcp140.dll
0x00007ffd78d40000 - 0x00007ffd79901000 	C:\Program Files\Java\jdk-17.0.2\bin\server\jvm.dll
0x00007ffdc2ba0000 - 0x00007ffdc2ba8000 	C:\WINDOWS\System32\PSAPI.DLL
0x00007ffdbe3e0000 - 0x00007ffdbe3e9000 	C:\WINDOWS\SYSTEM32\WSOCK32.dll
0x00007ffdc4a50000 - 0x00007ffdc4abf000 	C:\WINDOWS\System32\WS2_32.dll
0x00007ffdbee60000 - 0x00007ffdbee93000 	C:\WINDOWS\SYSTEM32\WINMM.dll
0x00007ffdc03b0000 - 0x00007ffdc03c8000 	C:\WINDOWS\SYSTEM32\kernel.appcore.dll
0x00007ffdb09c0000 - 0x00007ffdb09ca000 	C:\Program Files\Java\jdk-17.0.2\bin\jimage.dll
0x00007ffdc1a80000 - 0x00007ffdc1ca1000 	C:\WINDOWS\SYSTEM32\DBGHELP.DLL
0x00007ffdc1780000 - 0x00007ffdc17b1000 	C:\WINDOWS\SYSTEM32\dbgcore.DLL
0x00007ffdc24a0000 - 0x00007ffdc251f000 	C:\WINDOWS\System32\bcryptPrimitives.dll
0x00007ffdae6d0000 - 0x00007ffdae6f5000 	C:\Program Files\Java\jdk-17.0.2\bin\java.dll
0x00007ffd8d770000 - 0x00007ffd8d846000 	C:\Program Files\Java\jdk-17.0.2\bin\jsvml.dll
0x00007ffdc3250000 - 0x00007ffdc39fe000 	C:\WINDOWS\System32\SHELL32.dll
0x00007ffdbf240000 - 0x00007ffdbfaa8000 	C:\WINDOWS\SYSTEM32\windows.storage.dll
0x00007ffdc2ed0000 - 0x00007ffdc3248000 	C:\WINDOWS\System32\combase.dll
0x00007ffdbf0d0000 - 0x00007ffdbf236000 	C:\WINDOWS\SYSTEM32\wintypes.dll
0x00007ffdc4b10000 - 0x00007ffdc4bfa000 	C:\WINDOWS\System32\SHCORE.dll
0x00007ffdc4970000 - 0x00007ffdc49cd000 	C:\WINDOWS\System32\shlwapi.dll
0x00007ffdc2060000 - 0x00007ffdc2081000 	C:\WINDOWS\SYSTEM32\profapi.dll
0x00007ffdae620000 - 0x00007ffdae639000 	C:\Program Files\Java\jdk-17.0.2\bin\net.dll
0x00007ffdba340000 - 0x00007ffdba44c000 	C:\WINDOWS\SYSTEM32\WINHTTP.dll
0x00007ffdc1170000 - 0x00007ffdc11d7000 	C:\WINDOWS\system32\mswsock.dll
0x00007ffdae600000 - 0x00007ffdae616000 	C:\Program Files\Java\jdk-17.0.2\bin\nio.dll
0x00007ffdae510000 - 0x00007ffdae528000 	C:\Program Files\Java\jdk-17.0.2\bin\zip.dll

dbghelp: loaded successfully - version: 4.0.5 - missing functions: none
symbol engine: initialized successfully - sym options: 0x614 - pdb path: .;C:\Program Files\Java\jdk-17.0.2\bin;C:\WINDOWS\SYSTEM32;C:\WINDOWS\WinSxS\amd64_microsoft.windows.common-controls_6595b64144ccf1df_6.0.22000.120_none_9d947278b86cc467;C:\Program Files\Java\jdk-17.0.2\bin\server

VM Arguments:
jvm_args: -ea -Dfile.encoding=Cp1252 -XX:+ShowCodeDetailsInExceptionMessages 
java_command: org.testng.remote.RemoteTestNG -serport 52425 -protocol json -d C:\Users\Suchi\new-workspace\travelgoibibo.com\test-output C:\Users\Suchi\new-workspace\travelgoibibo.com\TestNG.xml
java_class_path (initial): C:\Users\Suchi\eclipse\jee-2021-12\eclipse\configuration\org.eclipse.osgi\948\0\.cp\lib\testng-remote.jar;C:\Users\Suchi\new-workspace\travelgoibibo.com\target\test-classes;C:\Users\Suchi\new-workspace\travelgoibibo.com\target\classes;C:\Users\Suchi\.m2\repository\junit\junit\4.11\junit-4.11.jar;C:\Users\Suchi\.m2\repository\org\hamcrest\hamcrest-core\1.3\hamcrest-core-1.3.jar;C:\Users\Suchi\.m2\repository\org\seleniumhq\selenium\selenium-java\4.1.3\selenium-java-4.1.3.jar;C:\Users\Suchi\.m2\repository\org\seleniumhq\selenium\selenium-api\4.1.3\selenium-api-4.1.3.jar;C:\Users\Suchi\.m2\repository\org\seleniumhq\selenium\selenium-chrome-driver\4.1.3\selenium-chrome-driver-4.1.3.jar;C:\Users\Suchi\.m2\repository\com\google\auto\service\auto-service-annotations\1.0.1\auto-service-annotations-1.0.1.jar;C:\Users\Suchi\.m2\repository\com\google\auto\service\auto-service\1.0.1\auto-service-1.0.1.jar;C:\Users\Suchi\.m2\repository\com\google\auto\auto-common\1.2\auto-common-1.2.jar;C:\Users\Suchi\.m2\repository\com\google\guava\guava\31.1-jre\guava-31.1-jre.jar;C:\Users\Suchi\.m2\repository\com\google\guava\failureaccess\1.0.1\failureaccess-1.0.1.jar;C:\Users\Suchi\.m2\repository\com\google\guava\listenablefuture\9999.0-empty-to-avoid-conflict-with-guava\listenablefuture-9999.0-empty-to-avoid-conflict-with-guava.jar;C:\Users\Suchi\.m2\repository\org\checkerframework\checker-qual\3.12.0\checker-qual-3.12.0.jar;C:\Users\Suchi\.m2\repository\com\google\errorprone\error_prone_annotations\2.11.0\error_prone_annotations-2.11.0.jar;C:\Users\Suchi\.m2\repository\com\google\j2objc\j2objc-annotations\1.3\j2objc-annotations-1.3.jar;C:\Users\Suchi\.m2\repository\org\seleniumhq\selenium\selenium-chromium-driver\4.1.3\selenium-chromium-driver-4.1.3.jar;C:\Users\Suchi\.m2\repository\org\seleniumhq\selenium\selenium-json\4.1.3\selenium-json-4.1.3.jar;C:\Users\Suchi\.m2\repository\org\seleniumhq\selenium\selenium-devtools-v85\4.1.3\selenium-devtools-v85-4.1.3.jar
Launcher Type: SUN_STANDARD

[Global flags]
     intx CICompilerCount                          = 4                                         {product} {ergonomic}
     uint ConcGCThreads                            = 2                                         {product} {ergonomic}
     uint G1ConcRefinementThreads                  = 8                                         {product} {ergonomic}
   size_t G1HeapRegionSize                         = 1048576                                   {product} {ergonomic}
    uintx GCDrainStackTargetSize                   = 64                                        {product} {ergonomic}
   size_t InitialHeapSize                          = 132120576                                 {product} {ergonomic}
   size_t MarkStackSize                            = 4194304                                   {product} {ergonomic}
   size_t MaxHeapSize                              = 2086666240                                {product} {ergonomic}
   size_t MaxNewSize                               = 1251999744                                {product} {ergonomic}
   size_t MinHeapDeltaBytes                        = 1048576                                   {product} {ergonomic}
   size_t MinHeapSize                              = 8388608                                   {product} {ergonomic}
    uintx NonNMethodCodeHeapSize                   = 5839372                                {pd product} {ergonomic}
    uintx NonProfiledCodeHeapSize                  = 122909434                              {pd product} {ergonomic}
    uintx ProfiledCodeHeapSize                     = 122909434                              {pd product} {ergonomic}
    uintx ReservedCodeCacheSize                    = 251658240                              {pd product} {ergonomic}
     bool SegmentedCodeCache                       = true                                      {product} {ergonomic}
     bool ShowCodeDetailsInExceptionMessages       = true                                   {manageable} {command line}
   size_t SoftMaxHeapSize                          = 2086666240                             {manageable} {ergonomic}
     bool UseCompressedClassPointers               = true                           {product lp64_product} {ergonomic}
     bool UseCompressedOops                        = true                           {product lp64_product} {ergonomic}
     bool UseG1GC                                  = true                                      {product} {ergonomic}
     bool UseLargePagesIndividualAllocation        = false                                  {pd product} {ergonomic}

Logging:
Log output configuration:
 #0: stdout all=warning uptime,level,tags
 #1: stderr all=off uptime,level,tags

Environment Variables:
PATH=C:/Program Files/Java/jdk-17.0.2/bin/server;C:/Program Files/Java/jdk-17.0.2/bin;C:\Program Files\Java\jdk-17.0.2\bin;C:\WINDOWS\system32;C:\WINDOWS;C:\WINDOWS\System32\Wbem;C:\WINDOWS\System32\WindowsPowerShell\v1.0\;C:\WINDOWS\System32\OpenSSH\;C:\Program Files\dotnet\;C:\Users\Suchi\AppData\Local\Microsoft\WindowsApps;;C:\Users\Suchi\Desktop;
USERNAME=Suchi
OS=Windows_NT
PROCESSOR_IDENTIFIER=Intel64 Family 6 Model 126 Stepping 5, GenuineIntel



---------------  S Y S T E M  ---------------

OS:
 Windows 11 , 64 bit Build 22000 (10.0.22000.434)
OS uptime: 2 days 13:48 hours

CPU: total 8 (initial active 8) (4 cores per cpu, 2 threads per core) family 6 model 126 stepping 5 microcode 0xa6, cx8, cmov, fxsr, ht, mmx, 3dnowpref, sse, sse2, sse3, ssse3, sse4.1, sse4.2, popcnt, lzcnt, tsc, tscinvbit, avx, avx2, aes, erms, clmul, bmi1, bmi2, adx, avx512f, avx512dq, avx512cd, avx512bw, avx512vl, sha, fma, vzeroupper, avx512_vpopcntdq, avx512_vpclmulqdq, avx512_vaes, avx512_vnni, clflush, clflushopt, avx512_vbmi2, avx512_vbmi

Memory: 4k page, system-wide physical 7959M (859M free)
TotalPageFile size 20917M (AvailPageFile size 0M)
current process WorkingSet (physical memory assigned to process): 34M, peak: 34M
current process commit charge ("private bytes"): 204M, peak: 204M

vm_info: Java HotSpot(TM) 64-Bit Server VM (17.0.2+8-LTS-86) for windows-amd64 JRE (17.0.2+8-LTS-86), built on Dec  7 2021 21:51:03 by "mach5one" with MS VC++ 16.8 / 16.9 (VS2019)

END.
