#
# There is insufficient memory for the Java Runtime Environment to continue.
# Native memory allocation (mmap) failed to map 132120576 bytes for G1 virtual space
# Possible reasons:
#   The system is out of physical RAM or swap space
#   The process is running with CompressedOops enabled, and the Java Heap may be blocking the growth of the native heap
# Possible solutions:
#   Reduce memory load on the system
#   Increase physical memory or swap space
#   Check if swap backing store is full
#   Decrease Java heap size (-Xmx/-Xms)
#   Decrease number of Java threads
#   Decrease Java thread stack sizes (-Xss)
#   Set larger code cache with -XX:ReservedCodeCacheSize=
#   JVM is running with Unscaled Compressed Oops mode in which the Java heap is
#     placed in the first 4GB address space. The Java Heap base address is the
#     maximum limit for the native heap growth. Please use -XX:HeapBaseMinAddress
#     to set the Java Heap base and to place the Java Heap above 4GB virtual address.
# This output file may be truncated or incomplete.
#
#  Out of Memory Error (os_windows.cpp:3532), pid=29336, tid=29764
#
# JRE version:  (17.0.2+8) (build )
# Java VM: Java HotSpot(TM) 64-Bit Server VM (17.0.2+8-LTS-86, mixed mode, sharing, tiered, compressed oops, compressed class ptrs, g1 gc, windows-amd64)
# No core dump will be written. Minidumps are not enabled by default on client versions of Windows
#

---------------  S U M M A R Y ------------

Command Line: -ea -Dfile.encoding=Cp1252 -XX:+ShowCodeDetailsInExceptionMessages org.testng.remote.RemoteTestNG -serport 60432 -protocol json -d C:\Users\Suchi\new-workspace\travelgoibibo.com\test-output C:\Users\Suchi\new-workspace\travelgoibibo.com\TestNG.xml

Host: Intel(R) Core(TM) i5-1035G1 CPU @ 1.00GHz, 8 cores, 7G,  Windows 11 , 64 bit Build 22000 (10.0.22000.434)
Time: Wed Apr 13 00:19:46 2022 India Standard Time elapsed time: 0.020036 seconds (0d 0h 0m 0s)

---------------  T H R E A D  ---------------

Current thread (0x000001ea79b6bf00):  JavaThread "Unknown thread" [_thread_in_vm, id=29764, stack(0x000000c601800000,0x000000c601900000)]

Stack: [0x000000c601800000,0x000000c601900000]
Native frames: (J=compiled Java code, j=interpreted, Vv=VM code, C=native code)
V  [jvm.dll+0x670baa]
V  [jvm.dll+0x7cfcb4]
V  [jvm.dll+0x7d145e]
V  [jvm.dll+0x7d1ac3]
V  [jvm.dll+0x242bc5]
V  [jvm.dll+0x66dac9]
V  [jvm.dll+0x662412]
V  [jvm.dll+0x300c0b]
V  [jvm.dll+0x3081a6]
V  [jvm.dll+0x357d0e]
V  [jvm.dll+0x357f3f]
V  [jvm.dll+0x2d7ec8]
V  [jvm.dll+0x2d8e34]
V  [jvm.dll+0x7a18c1]
V  [jvm.dll+0x365a91]
V  [jvm.dll+0x780d2c]
V  [jvm.dll+0x3e845f]
V  [jvm.dll+0x3e9f01]
C  [jli.dll+0x527b]
C  [ucrtbase.dll+0x26c0c]
C  [KERNEL32.DLL+0x154e0]
C  [ntdll.dll+0x485b]


---------------  P R O C E S S  ---------------

Threads class SMR info:
_java_thread_list=0x00007ffd5e189858, length=0, elements={
}

Java Threads: ( => current thread )

Other Threads:
  0x000001ea79babe70 GCTaskThread "GC Thread#0" [stack: 0x000000c601900000,0x000000c601a00000] [id=3888]
  0x000001ea79bbce10 ConcurrentGCThread "G1 Main Marker" [stack: 0x000000c601a00000,0x000000c601b00000] [id=27580]
  0x000001ea79bbd820 ConcurrentGCThread "G1 Conc#0" [stack: 0x000000c601b00000,0x000000c601c00000] [id=6676]

[error occurred during error reporting (printing all threads), id 0xc0000005, EXCEPTION_ACCESS_VIOLATION (0xc0000005) at pc=0x00007ffd5d9d88a7]

VM state: not at safepoint (not fully initialized)

VM Mutex/Monitor currently owned by a thread:  ([mutex/lock_event])
[0x000001ea79b67ac0] Heap_lock - owner thread: 0x000001ea79b6bf00

Heap address: 0x0000000083a00000, size: 1990 MB, Compressed Oops mode: 32-bit

CDS archive(s) mapped at: [0x0000000000000000-0x0000000000000000-0x0000000000000000), size 0, SharedBaseAddress: 0x0000000800000000, ArchiveRelocationMode: 0.
Narrow klass base: 0x0000000000000000, Narrow klass shift: 0, Narrow klass range: 0x0

GC Precious Log:
<Empty>

Heap:
 garbage-first heap   total 0K, used 0K [0x0000000083a00000, 0x0000000100000000)
  region size 1024K, 0 young (0K), 0 survivors (0K)

[error occurred during error reporting (printing heap information), id 0xc0000005, EXCEPTION_ACCESS_VIOLATION (0xc0000005) at pc=0x00007ffd5ddb9f19]

GC Heap History (0 events):
No events

Deoptimization events (0 events):
No events

Classes unloaded (0 events):
No events

Classes redefined (0 events):
No events

Internal exceptions (0 events):
No events

VM Operations (0 events):
No events

Events (1 events):
Event: 0.008 Loaded shared library C:\Program Files\Java\jdk-17.0.2\bin\java.dll


Dynamic libraries:
0x00007ff79a260000 - 0x00007ff79a270000 	C:\Program Files\Java\jdk-17.0.2\bin\javaw.exe
0x00007ffdc4c40000 - 0x00007ffdc4e49000 	C:\WINDOWS\SYSTEM32\ntdll.dll
0x00007ffdc3fc0000 - 0x00007ffdc407d000 	C:\WINDOWS\System32\KERNEL32.DLL
0x00007ffdc2760000 - 0x00007ffdc2ad4000 	C:\WINDOWS\System32\KERNELBASE.dll
0x00007ffdc2520000 - 0x00007ffdc2631000 	C:\WINDOWS\System32\ucrtbase.dll
0x00007ffdae7a0000 - 0x00007ffdae7b8000 	C:\Program Files\Java\jdk-17.0.2\bin\jli.dll
0x00007ffdae7c0000 - 0x00007ffdae7da000 	C:\Program Files\Java\jdk-17.0.2\bin\VCRUNTIME140.dll
0x00007ffdc2e20000 - 0x00007ffdc2ece000 	C:\WINDOWS\System32\ADVAPI32.dll
0x00007ffdc3dd0000 - 0x00007ffdc3e73000 	C:\WINDOWS\System32\msvcrt.dll
0x00007ffdc3d20000 - 0x00007ffdc3dbe000 	C:\WINDOWS\System32\sechost.dll
0x00007ffdc3e80000 - 0x00007ffdc3fa0000 	C:\WINDOWS\System32\RPCRT4.dll
0x00007ffdc47c0000 - 0x00007ffdc496c000 	C:\WINDOWS\System32\USER32.dll
0x00007ffdc2470000 - 0x00007ffdc2496000 	C:\WINDOWS\System32\win32u.dll
0x00007ffdc1310000 - 0x00007ffdc15b5000 	C:\WINDOWS\WinSxS\amd64_microsoft.windows.common-controls_6595b64144ccf1df_6.0.22000.120_none_9d947278b86cc467\COMCTL32.dll
0x00007ffdc2ae0000 - 0x00007ffdc2b09000 	C:\WINDOWS\System32\GDI32.dll
0x00007ffdc2640000 - 0x00007ffdc2752000 	C:\WINDOWS\System32\gdi32full.dll
0x00007ffdc2260000 - 0x00007ffdc22fd000 	C:\WINDOWS\System32\msvcp_win.dll
0x00007ffdb8c90000 - 0x00007ffdb8c9a000 	C:\WINDOWS\SYSTEM32\VERSION.dll
0x00007ffdc4ad0000 - 0x00007ffdc4b01000 	C:\WINDOWS\System32\IMM32.DLL
0x00007ffdae790000 - 0x00007ffdae79c000 	C:\Program Files\Java\jdk-17.0.2\bin\vcruntime140_1.dll
0x00007ffdae700000 - 0x00007ffdae78d000 	C:\Program Files\Java\jdk-17.0.2\bin\msvcp140.dll
0x00007ffd5d6f0000 - 0x00007ffd5e2b1000 	C:\Program Files\Java\jdk-17.0.2\bin\server\jvm.dll
0x00007ffdc2ba0000 - 0x00007ffdc2ba8000 	C:\WINDOWS\System32\PSAPI.DLL
0x00007ffdbee60000 - 0x00007ffdbee93000 	C:\WINDOWS\SYSTEM32\WINMM.dll
0x00007ffdc0740000 - 0x00007ffdc0749000 	C:\WINDOWS\SYSTEM32\WSOCK32.dll
0x00007ffdc4a50000 - 0x00007ffdc4abf000 	C:\WINDOWS\System32\WS2_32.dll
0x00007ffdc03b0000 - 0x00007ffdc03c8000 	C:\WINDOWS\SYSTEM32\kernel.appcore.dll
0x00007ffdba460000 - 0x00007ffdba46a000 	C:\Program Files\Java\jdk-17.0.2\bin\jimage.dll
0x00007ffdc1a80000 - 0x00007ffdc1ca1000 	C:\WINDOWS\SYSTEM32\DBGHELP.DLL
0x00007ffdc1780000 - 0x00007ffdc17b1000 	C:\WINDOWS\SYSTEM32\dbgcore.DLL
0x00007ffdc24a0000 - 0x00007ffdc251f000 	C:\WINDOWS\System32\bcryptPrimitives.dll
0x00007ffdb0a60000 - 0x00007ffdb0a85000 	C:\Program Files\Java\jdk-17.0.2\bin\java.dll

dbghelp: loaded successfully - version: 4.0.5 - missing functions: none
symbol engine: initialized successfully - sym options: 0x614 - pdb path: .;C:\Program Files\Java\jdk-17.0.2\bin;C:\WINDOWS\SYSTEM32;C:\WINDOWS\WinSxS\amd64_microsoft.windows.common-controls_6595b64144ccf1df_6.0.22000.120_none_9d947278b86cc467;C:\Program Files\Java\jdk-17.0.2\bin\server

VM Arguments:
jvm_args: -ea -Dfile.encoding=Cp1252 -XX:+ShowCodeDetailsInExceptionMessages 
java_command: org.testng.remote.RemoteTestNG -serport 60432 -protocol json -d C:\Users\Suchi\new-workspace\travelgoibibo.com\test-output C:\Users\Suchi\new-workspace\travelgoibibo.com\TestNG.xml
java_class_path (initial): C:\Users\Suchi\eclipse\jee-2021-12\eclipse\configuration\org.eclipse.osgi\948\0\.cp\lib\testng-remote.jar;C:\Users\Suchi\new-workspace\travelgoibibo.com\target\test-classes;C:\Users\Suchi\new-workspace\travelgoibibo.com\target\classes;C:\Users\Suchi\.m2\repository\junit\junit\4.11\junit-4.11.jar;C:\Users\Suchi\.m2\repository\org\hamcrest\hamcrest-core\1.3\hamcrest-core-1.3.jar;C:\Users\Suchi\.m2\repository\org\seleniumhq\selenium\selenium-java\4.1.3\selenium-java-4.1.3.jar;C:\Users\Suchi\.m2\repository\org\seleniumhq\selenium\selenium-api\4.1.3\selenium-api-4.1.3.jar;C:\Users\Suchi\.m2\repository\org\seleniumhq\selenium\selenium-chrome-driver\4.1.3\selenium-chrome-driver-4.1.3.jar;C:\Users\Suchi\.m2\repository\com\google\auto\service\auto-service-annotations\1.0.1\auto-service-annotations-1.0.1.jar;C:\Users\Suchi\.m2\repository\com\google\auto\service\auto-service\1.0.1\auto-service-1.0.1.jar;C:\Users\Suchi\.m2\repository\com\google\auto\auto-common\1.2\auto-common-1.2.jar;C:\Users\Suchi\.m2\repository\com\google\guava\guava\31.1-jre\guava-31.1-jre.jar;C:\Users\Suchi\.m2\repository\com\google\guava\failureaccess\1.0.1\failureaccess-1.0.1.jar;C:\Users\Suchi\.m2\repository\com\google\guava\listenablefuture\9999.0-empty-to-avoid-conflict-with-guava\listenablefuture-9999.0-empty-to-avoid-conflict-with-guava.jar;C:\Users\Suchi\.m2\repository\org\checkerframework\checker-qual\3.12.0\checker-qual-3.12.0.jar;C:\Users\Suchi\.m2\repository\com\google\errorprone\error_prone_annotations\2.11.0\error_prone_annotations-2.11.0.jar;C:\Users\Suchi\.m2\repository\com\google\j2objc\j2objc-annotations\1.3\j2objc-annotations-1.3.jar;C:\Users\Suchi\.m2\repository\org\seleniumhq\selenium\selenium-chromium-driver\4.1.3\selenium-chromium-driver-4.1.3.jar;C:\Users\Suchi\.m2\repository\org\seleniumhq\selenium\selenium-json\4.1.3\selenium-json-4.1.3.jar;C:\Users\Suchi\.m2\repository\org\seleniumhq\selenium\selenium-devtools-v85\4.1.3\selenium-devtools-v85-4.1.3.jar
Launcher Type: SUN_STANDARD

[Global flags]
     intx CICompilerCount                          = 4                                         {product} {ergonomic}
     uint ConcGCThreads                            = 2                                         {product} {ergonomic}
     uint G1ConcRefinementThreads                  = 8                                         {product} {ergonomic}
   size_t G1HeapRegionSize                         = 1048576                                   {product} {ergonomic}
    uintx GCDrainStackTargetSize                   = 64                                        {product} {ergonomic}
   size_t InitialHeapSize                          = 132120576                                 {product} {ergonomic}
   size_t MarkStackSize                            = 4194304                                   {product} {ergonomic}
   size_t MaxHeapSize                              = 2086666240                                {product} {ergonomic}
   size_t MinHeapDeltaBytes                        = 1048576                                   {product} {ergonomic}
   size_t MinHeapSize                              = 8388608                                   {product} {ergonomic}
    uintx NonNMethodCodeHeapSize                   = 5839372                                {pd product} {ergonomic}
    uintx NonProfiledCodeHeapSize                  = 122909434                              {pd product} {ergonomic}
    uintx ProfiledCodeHeapSize                     = 122909434                              {pd product} {ergonomic}
    uintx ReservedCodeCacheSize                    = 251658240                              {pd product} {ergonomic}
     bool SegmentedCodeCache                       = true                                      {product} {ergonomic}
     bool ShowCodeDetailsInExceptionMessages       = true                                   {manageable} {command line}
   size_t SoftMaxHeapSize                          = 2086666240                             {manageable} {ergonomic}
     bool UseCompressedClassPointers               = true                           {product lp64_product} {ergonomic}
     bool UseCompressedOops                        = true                           {product lp64_product} {ergonomic}
     bool UseG1GC                                  = true                                      {product} {ergonomic}
     bool UseLargePagesIndividualAllocation        = false                                  {pd product} {ergonomic}

Logging:
Log output configuration:
 #0: stdout all=warning uptime,level,tags
 #1: stderr all=off uptime,level,tags

Environment Variables:
PATH=C:/Program Files/Java/jdk-17.0.2/bin/server;C:/Program Files/Java/jdk-17.0.2/bin;C:\Program Files\Java\jdk-17.0.2\bin;C:\WINDOWS\system32;C:\WINDOWS;C:\WINDOWS\System32\Wbem;C:\WINDOWS\System32\WindowsPowerShell\v1.0\;C:\WINDOWS\System32\OpenSSH\;C:\Program Files\dotnet\;C:\Users\Suchi\AppData\Local\Microsoft\WindowsApps;;C:\WINDOWS\System32;
USERNAME=Suchi
OS=Windows_NT
PROCESSOR_IDENTIFIER=Intel64 Family 6 Model 126 Stepping 5, GenuineIntel



---------------  S Y S T E M  ---------------

OS:
 Windows 11 , 64 bit Build 22000 (10.0.22000.434)
OS uptime: 2 days 13:06 hours

CPU: total 8 (initial active 8) (4 cores per cpu, 2 threads per core) family 6 model 126 stepping 5 microcode 0xa6, cx8, cmov, fxsr, ht, mmx, 3dnowpref, sse, sse2, sse3, ssse3, sse4.1, sse4.2, popcnt, lzcnt, tsc, tscinvbit, avx, avx2, aes, erms, clmul, bmi1, bmi2, adx, avx512f, avx512dq, avx512cd, avx512bw, avx512vl, sha, fma, vzeroupper, avx512_vpopcntdq, avx512_vpclmulqdq, avx512_vaes, avx512_vnni, clflush, clflushopt, avx512_vbmi2, avx512_vbmi

Memory: 4k page, system-wide physical 7959M (1304M free)
TotalPageFile size 20917M (AvailPageFile size 81M)
current process WorkingSet (physical memory assigned to process): 10M, peak: 10M
current process commit charge ("private bytes"): 60M, peak: 186M

vm_info: Java HotSpot(TM) 64-Bit Server VM (17.0.2+8-LTS-86) for windows-amd64 JRE (17.0.2+8-LTS-86), built on Dec  7 2021 21:51:03 by "mach5one" with MS VC++ 16.8 / 16.9 (VS2019)

END.
