#
# There is insufficient memory for the Java Runtime Environment to continue.
# Native memory allocation (malloc) failed to allocate 270096 bytes for Chunk::new
# Possible reasons:
#   The system is out of physical RAM or swap space
#   The process is running with CompressedOops enabled, and the Java Heap may be blocking the growth of the native heap
# Possible solutions:
#   Reduce memory load on the system
#   Increase physical memory or swap space
#   Check if swap backing store is full
#   Decrease Java heap size (-Xmx/-Xms)
#   Decrease number of Java threads
#   Decrease Java thread stack sizes (-Xss)
#   Set larger code cache with -XX:ReservedCodeCacheSize=
#   JVM is running with Unscaled Compressed Oops mode in which the Java heap is
#     placed in the first 4GB address space. The Java Heap base address is the
#     maximum limit for the native heap growth. Please use -XX:HeapBaseMinAddress
#     to set the Java Heap base and to place the Java Heap above 4GB virtual address.
# This output file may be truncated or incomplete.
#
#  Out of Memory Error (arena.cpp:189), pid=9476, tid=17320
#
# JRE version: Java(TM) SE Runtime Environment (17.0.2+8) (build 17.0.2+8-LTS-86)
# Java VM: Java HotSpot(TM) 64-Bit Server VM (17.0.2+8-LTS-86, mixed mode, sharing, tiered, compressed oops, compressed class ptrs, g1 gc, windows-amd64)
# No core dump will be written. Minidumps are not enabled by default on client versions of Windows
#

---------------  S U M M A R Y ------------

Command Line: -ea -Dfile.encoding=Cp1252 -XX:+ShowCodeDetailsInExceptionMessages org.testng.remote.RemoteTestNG -serport 60144 -protocol json -d C:\Users\Suchi\new-workspace\travelgoibibo.com\test-output C:\Users\Suchi\new-workspace\travelgoibibo.com\TestNG.xml

Host: Intel(R) Core(TM) i5-1035G1 CPU @ 1.00GHz, 8 cores, 7G,  Windows 11 , 64 bit Build 22000 (10.0.22000.434)
Time: Wed Apr 13 00:17:48 2022 India Standard Time elapsed time: 8.236578 seconds (0d 0h 0m 8s)

---------------  T H R E A D  ---------------

Current thread (0x000001efdc460110):  JavaThread "C2 CompilerThread0" daemon [_thread_in_native, id=17320, stack(0x000000d185600000,0x000000d185700000)]


Current CompileTask:
C2:   8236 2226       4       jdk.internal.org.objectweb.asm.Frame::execute (2305 bytes)

Stack: [0x000000d185600000,0x000000d185700000]
Native frames: (J=compiled Java code, j=interpreted, Vv=VM code, C=native code)
V  [jvm.dll+0x670baa]
V  [jvm.dll+0x7cfcb4]
V  [jvm.dll+0x7d145e]
V  [jvm.dll+0x7d1ac3]
V  [jvm.dll+0x242bc5]
V  [jvm.dll+0xaa57b]
V  [jvm.dll+0xaab0c]
V  [jvm.dll+0x11baf7]
V  [jvm.dll+0x5fe372]
V  [jvm.dll+0x60279f]
V  [jvm.dll+0x215b08]
V  [jvm.dll+0x2150b1]
V  [jvm.dll+0x1a1bbd]
V  [jvm.dll+0x224908]
V  [jvm.dll+0x222a6c]
V  [jvm.dll+0x7859bb]
V  [jvm.dll+0x77ff7a]
V  [jvm.dll+0x66fa35]
C  [ucrtbase.dll+0x26c0c]
C  [KERNEL32.DLL+0x154e0]
C  [ntdll.dll+0x485b]


---------------  P R O C E S S  ---------------

Threads class SMR info:
_java_thread_list=0x000001efdc44ed10, length=26, elements={
0x000001efbe4bcdb0, 0x000001efdc435df0, 0x000001efdc4368b0, 0x000001efdc44e2e0,
0x000001efdc44f3b0, 0x000001efdc451c80, 0x000001efdc455a40, 0x000001efdc460110,
0x000001efdc461ad0, 0x000001efdc46c3f0, 0x000001efdd0b77b0, 0x000001efdd0bf980,
0x000001efdd7e4c60, 0x000001efdd89ec70, 0x000001efdd89f140, 0x000001efdd8a16f0,
0x000001efddd25fc0, 0x000001efddff6830, 0x000001efde5b5820, 0x000001efde043610,
0x000001efde76a6b0, 0x000001efde768ea0, 0x000001efde76c390, 0x000001efde769840,
0x000001efde7689d0, 0x000001efde769370
}

Java Threads: ( => current thread )
  0x000001efbe4bcdb0 JavaThread "Forwarding clickElement on session e7f07dff0bcf213b4b1f7614289a5b8a to remote" [_thread_blocked, id=29500, stack(0x000000d184900000,0x000000d184a00000)]
  0x000001efdc435df0 JavaThread "Reference Handler" daemon [_thread_blocked, id=26516, stack(0x000000d185000000,0x000000d185100000)]
  0x000001efdc4368b0 JavaThread "Finalizer" daemon [_thread_blocked, id=13732, stack(0x000000d185100000,0x000000d185200000)]
  0x000001efdc44e2e0 JavaThread "Signal Dispatcher" daemon [_thread_blocked, id=9368, stack(0x000000d185200000,0x000000d185300000)]
  0x000001efdc44f3b0 JavaThread "Attach Listener" daemon [_thread_blocked, id=5788, stack(0x000000d185300000,0x000000d185400000)]
  0x000001efdc451c80 JavaThread "Service Thread" daemon [_thread_blocked, id=28824, stack(0x000000d185400000,0x000000d185500000)]
  0x000001efdc455a40 JavaThread "Monitor Deflation Thread" daemon [_thread_blocked, id=10324, stack(0x000000d185500000,0x000000d185600000)]
=>0x000001efdc460110 JavaThread "C2 CompilerThread0" daemon [_thread_in_native, id=17320, stack(0x000000d185600000,0x000000d185700000)]
  0x000001efdc461ad0 JavaThread "C1 CompilerThread0" daemon [_thread_blocked, id=13072, stack(0x000000d185700000,0x000000d185800000)]
  0x000001efdc46c3f0 JavaThread "Sweeper thread" daemon [_thread_blocked, id=25524, stack(0x000000d185800000,0x000000d185900000)]
  0x000001efdd0b77b0 JavaThread "Notification Thread" daemon [_thread_blocked, id=24924, stack(0x000000d185900000,0x000000d185a00000)]
  0x000001efdd0bf980 JavaThread "Common-Cleaner" daemon [_thread_blocked, id=25572, stack(0x000000d185b00000,0x000000d185c00000)]
  0x000001efdd7e4c60 JavaThread "ReaderThread" [_thread_in_native, id=14556, stack(0x000000d185e00000,0x000000d185f00000)]
  0x000001efdd89ec70 JavaThread "ForkJoinPool.commonPool-worker-1" daemon [_thread_blocked, id=17120, stack(0x000000d185f00000,0x000000d186000000)]
  0x000001efdd89f140 JavaThread "ForkJoinPool.commonPool-worker-2" daemon [_thread_blocked, id=26040, stack(0x000000d186000000,0x000000d186100000)]
  0x000001efdd8a16f0 JavaThread "ForkJoinPool.commonPool-worker-3" daemon [_thread_blocked, id=28900, stack(0x000000d186100000,0x000000d186200000)]
  0x000001efddd25fc0 JavaThread "AsyncHttpClient-1-1" daemon [_thread_blocked, id=22164, stack(0x000000d186a00000,0x000000d186b00000)]
  0x000001efddff6830 JavaThread "Exec Default Executor" daemon [_thread_in_native, id=14320, stack(0x000000d186b00000,0x000000d186c00000)]
  0x000001efde5b5820 JavaThread "Driver Service Executor" daemon [_thread_blocked, id=17332, stack(0x000000d186c00000,0x000000d186d00000)]
  0x000001efde043610 JavaThread "Driver Service Executor" daemon [_thread_blocked, id=24716, stack(0x000000d186d00000,0x000000d186e00000)]
  0x000001efde76a6b0 JavaThread "UrlChecker-2" daemon [_thread_blocked, id=14132, stack(0x000000d186e00000,0x000000d186f00000)]
  0x000001efde768ea0 JavaThread "Exec Stream Pumper" daemon [_thread_in_native, id=26208, stack(0x000000d186f00000,0x000000d187000000)]
  0x000001efde76c390 JavaThread "Exec Stream Pumper" daemon [_thread_in_native, id=19436, stack(0x000000d187000000,0x000000d187100000)]
  0x000001efde769840 JavaThread "AsyncHttpClient-1-2" daemon [_thread_in_native, id=13620, stack(0x000000d187100000,0x000000d187200000)]
  0x000001efde7689d0 JavaThread "AsyncHttpClient-1-3" daemon [_thread_in_native, id=22892, stack(0x000000d187300000,0x000000d187400000)]
  0x000001efde769370 JavaThread "AsyncHttpClient-1-4" daemon [_thread_in_native, id=27796, stack(0x000000d187400000,0x000000d187500000)]

Other Threads:
  0x000001efdc430440 VMThread "VM Thread" [stack: 0x000000d184f00000,0x000000d185000000] [id=9424]
  0x000001efdd0b88b0 WatcherThread [stack: 0x000000d185a00000,0x000000d185b00000] [id=21592]
  0x000001efbe4fe1f0 GCTaskThread "GC Thread#0" [stack: 0x000000d184a00000,0x000000d184b00000] [id=5580]
  0x000001efddbf7020 GCTaskThread "GC Thread#1" [stack: 0x000000d186200000,0x000000d186300000] [id=1428]
  0x000001efddba4470 GCTaskThread "GC Thread#2" [stack: 0x000000d186300000,0x000000d186400000] [id=24280]
  0x000001efddba4b30 GCTaskThread "GC Thread#3" [stack: 0x000000d186400000,0x000000d186500000] [id=29240]
  0x000001efddbab0f0 GCTaskThread "GC Thread#4" [stack: 0x000000d186500000,0x000000d186600000] [id=15240]
  0x000001efddc1b770 GCTaskThread "GC Thread#5" [stack: 0x000000d186600000,0x000000d186700000] [id=22004]
  0x000001efddc1ba20 GCTaskThread "GC Thread#6" [stack: 0x000000d186700000,0x000000d186800000] [id=19780]
  0x000001efddc1bcd0 GCTaskThread "GC Thread#7" [stack: 0x000000d186800000,0x000000d186900000] [id=1804]
  0x000001efbe50e900 ConcurrentGCThread "G1 Main Marker" [stack: 0x000000d184b00000,0x000000d184c00000] [id=13972]
  0x000001efbe50f9d0 ConcurrentGCThread "G1 Conc#0" [stack: 0x000000d184c00000,0x000000d184d00000] [id=11880]
  0x000001efdddf9040 ConcurrentGCThread "G1 Conc#1" [stack: 0x000000d187200000,0x000000d187300000] [id=10452]
  0x000001efdc2f0090 ConcurrentGCThread "G1 Refine#0" [stack: 0x000000d184d00000,0x000000d184e00000] [id=23912]
  0x000001efddb71a10 ConcurrentGCThread "G1 Refine#1" [stack: 0x000000d186900000,0x000000d186a00000] [id=1432]
  0x000001efdc2f09c0 ConcurrentGCThread "G1 Service" [stack: 0x000000d184e00000,0x000000d184f00000] [id=11976]

Threads with active compile tasks:
C2 CompilerThread0     8303 2226       4       jdk.internal.org.objectweb.asm.Frame::execute (2305 bytes)

VM state: not at safepoint (normal execution)

VM Mutex/Monitor currently owned by a thread: None

Heap address: 0x0000000083a00000, size: 1990 MB, Compressed Oops mode: 32-bit

CDS archive(s) mapped at: [0x0000000800000000-0x0000000800bc0000-0x0000000800bc0000), size 12320768, SharedBaseAddress: 0x0000000800000000, ArchiveRelocationMode: 0.
Compressed class space mapped at: 0x0000000800c00000-0x0000000840c00000, reserved size: 1073741824
Narrow klass base: 0x0000000800000000, Narrow klass shift: 0, Narrow klass range: 0x100000000

GC Precious Log:
 CPUs: 8 total, 8 available
 Memory: 7959M
 Large Page Support: Disabled
 NUMA Support: Disabled
 Compressed Oops: Enabled (32-bit)
 Heap Region Size: 1M
 Heap Min Capacity: 8M
 Heap Initial Capacity: 126M
 Heap Max Capacity: 1990M
 Pre-touch: Disabled
 Parallel Workers: 8
 Concurrent Workers: 2
 Concurrent Refinement Workers: 8
 Periodic GC: Disabled

Heap:
 garbage-first heap   total 48128K, used 29354K [0x0000000083a00000, 0x0000000100000000)
  region size 1024K, 18 young (18432K), 5 survivors (5120K)
 Metaspace       used 23794K, committed 24064K, reserved 1073152K
  class space    used 2996K, committed 3136K, reserved 1048576K

Heap Regions: E=young(eden), S=young(survivor), O=old, HS=humongous(starts), HC=humongous(continues), CS=collection set, F=free, OA=open archive, CA=closed archive, TAMS=top-at-mark-start (previous, next)
|   0|0x0000000083a00000, 0x0000000083b00000, 0x0000000083b00000|100%|HS|  |TAMS 0x0000000083b00000, 0x0000000083a00000| Complete 
|   1|0x0000000083b00000, 0x0000000083c00000, 0x0000000083c00000|100%| O|  |TAMS 0x0000000083c00000, 0x0000000083b00000| Untracked 
|   2|0x0000000083c00000, 0x0000000083d00000, 0x0000000083d00000|100%| O|  |TAMS 0x0000000083d00000, 0x0000000083c00000| Untracked 
|   3|0x0000000083d00000, 0x0000000083e00000, 0x0000000083e00000|100%| O|  |TAMS 0x0000000083e00000, 0x0000000083d00000| Untracked 
|   4|0x0000000083e00000, 0x0000000083f00000, 0x0000000083f00000|100%| O|  |TAMS 0x0000000083f00000, 0x0000000083e00000| Untracked 
|   5|0x0000000083f00000, 0x0000000084000000, 0x0000000084000000|100%| O|  |TAMS 0x0000000084000000, 0x0000000083f00000| Untracked 
|   6|0x0000000084000000, 0x0000000084100000, 0x0000000084100000|100%| O|  |TAMS 0x0000000084100000, 0x0000000084000000| Untracked 
|   7|0x0000000084100000, 0x000000008416d400, 0x0000000084200000| 42%| O|  |TAMS 0x000000008416d400, 0x0000000084100000| Complete 
|   8|0x0000000084200000, 0x0000000084300000, 0x0000000084300000|100%|HS|  |TAMS 0x0000000084200000, 0x0000000084200000| Complete 
|   9|0x0000000084300000, 0x0000000084400000, 0x0000000084400000|100%|HC|  |TAMS 0x0000000084300000, 0x0000000084300000| Complete 
|  10|0x0000000084400000, 0x0000000084500000, 0x0000000084500000|100%|HC|  |TAMS 0x0000000084400000, 0x0000000084400000| Complete 
|  11|0x0000000084500000, 0x0000000084600000, 0x0000000084600000|100%|HC|  |TAMS 0x0000000084500000, 0x0000000084500000| Complete 
|  12|0x0000000084600000, 0x0000000084700000, 0x0000000084700000|100%|HC|  |TAMS 0x0000000084600000, 0x0000000084600000| Complete 
|  13|0x0000000084700000, 0x0000000084700000, 0x0000000084800000|  0%| F|  |TAMS 0x0000000084700000, 0x0000000084700000| Untracked 
|  14|0x0000000084800000, 0x0000000084800000, 0x0000000084900000|  0%| F|  |TAMS 0x0000000084800000, 0x0000000084800000| Untracked 
|  15|0x0000000084900000, 0x0000000084900000, 0x0000000084a00000|  0%| F|  |TAMS 0x0000000084900000, 0x0000000084900000| Untracked 
|  16|0x0000000084a00000, 0x0000000084a00000, 0x0000000084b00000|  0%| F|  |TAMS 0x0000000084a00000, 0x0000000084a00000| Untracked 
|  17|0x0000000084b00000, 0x0000000084b00000, 0x0000000084c00000|  0%| F|  |TAMS 0x0000000084b00000, 0x0000000084b00000| Untracked 
|  18|0x0000000084c00000, 0x0000000084c00000, 0x0000000084d00000|  0%| F|  |TAMS 0x0000000084c00000, 0x0000000084c00000| Untracked 
|  19|0x0000000084d00000, 0x0000000084d00000, 0x0000000084e00000|  0%| F|  |TAMS 0x0000000084d00000, 0x0000000084d00000| Untracked 
|  20|0x0000000084e00000, 0x0000000084e00000, 0x0000000084f00000|  0%| F|  |TAMS 0x0000000084e00000, 0x0000000084e00000| Untracked 
|  21|0x0000000084f00000, 0x0000000084f00000, 0x0000000085000000|  0%| F|  |TAMS 0x0000000084f00000, 0x0000000084f00000| Untracked 
|  22|0x0000000085000000, 0x0000000085000000, 0x0000000085100000|  0%| F|  |TAMS 0x0000000085000000, 0x0000000085000000| Untracked 
|  23|0x0000000085100000, 0x0000000085100000, 0x0000000085200000|  0%| F|  |TAMS 0x0000000085100000, 0x0000000085100000| Untracked 
|  24|0x0000000085200000, 0x0000000085200000, 0x0000000085300000|  0%| F|  |TAMS 0x0000000085200000, 0x0000000085200000| Untracked 
|  25|0x0000000085300000, 0x0000000085300000, 0x0000000085400000|  0%| F|  |TAMS 0x0000000085300000, 0x0000000085300000| Untracked 
|  26|0x0000000085400000, 0x0000000085400000, 0x0000000085500000|  0%| F|  |TAMS 0x0000000085400000, 0x0000000085400000| Untracked 
|  27|0x0000000085500000, 0x0000000085500000, 0x0000000085600000|  0%| F|  |TAMS 0x0000000085500000, 0x0000000085500000| Untracked 
|  28|0x0000000085600000, 0x0000000085600000, 0x0000000085700000|  0%| F|  |TAMS 0x0000000085600000, 0x0000000085600000| Untracked 
|  29|0x0000000085700000, 0x0000000085780800, 0x0000000085800000| 50%| E|  |TAMS 0x0000000085700000, 0x0000000085700000| Complete 
|  30|0x0000000085800000, 0x0000000085900000, 0x0000000085900000|100%| E|CS|TAMS 0x0000000085800000, 0x0000000085800000| Complete 
|  31|0x0000000085900000, 0x0000000085a00000, 0x0000000085a00000|100%| E|CS|TAMS 0x0000000085900000, 0x0000000085900000| Complete 
|  32|0x0000000085a00000, 0x0000000085b00000, 0x0000000085b00000|100%| E|CS|TAMS 0x0000000085a00000, 0x0000000085a00000| Complete 
|  33|0x0000000085b00000, 0x0000000085c00000, 0x0000000085c00000|100%| E|CS|TAMS 0x0000000085b00000, 0x0000000085b00000| Complete 
|  34|0x0000000085c00000, 0x0000000085d00000, 0x0000000085d00000|100%| E|CS|TAMS 0x0000000085c00000, 0x0000000085c00000| Complete 
|  35|0x0000000085d00000, 0x0000000085e00000, 0x0000000085e00000|100%| E|CS|TAMS 0x0000000085d00000, 0x0000000085d00000| Complete 
|  36|0x0000000085e00000, 0x0000000085f00000, 0x0000000085f00000|100%| E|CS|TAMS 0x0000000085e00000, 0x0000000085e00000| Complete 
|  37|0x0000000085f00000, 0x0000000086000000, 0x0000000086000000|100%| E|CS|TAMS 0x0000000085f00000, 0x0000000085f00000| Complete 
|  38|0x0000000086000000, 0x0000000086100000, 0x0000000086100000|100%| E|CS|TAMS 0x0000000086000000, 0x0000000086000000| Complete 
|  39|0x0000000086100000, 0x0000000086200000, 0x0000000086200000|100%| E|CS|TAMS 0x0000000086100000, 0x0000000086100000| Complete 
|  40|0x0000000086200000, 0x0000000086300000, 0x0000000086300000|100%| E|CS|TAMS 0x0000000086200000, 0x0000000086200000| Complete 
| 100|0x0000000089e00000, 0x0000000089e3d690, 0x0000000089f00000| 23%| S|CS|TAMS 0x0000000089e00000, 0x0000000089e00000| Complete 
| 101|0x0000000089f00000, 0x000000008a000000, 0x000000008a000000|100%| S|CS|TAMS 0x0000000089f00000, 0x0000000089f00000| Complete 
| 102|0x000000008a000000, 0x000000008a100000, 0x000000008a100000|100%| S|CS|TAMS 0x000000008a000000, 0x000000008a000000| Complete 
| 103|0x000000008a100000, 0x000000008a200000, 0x000000008a200000|100%| S|CS|TAMS 0x000000008a100000, 0x000000008a100000| Complete 
| 104|0x000000008a200000, 0x000000008a300000, 0x000000008a300000|100%| S|CS|TAMS 0x000000008a200000, 0x000000008a200000| Complete 
| 125|0x000000008b700000, 0x000000008b800000, 0x000000008b800000|100%| E|CS|TAMS 0x000000008b700000, 0x000000008b700000| Complete 

Card table byte_map: [0x000001efd5430000,0x000001efd5820000] _byte_map_base: 0x000001efd5013000

Marking Bits (Prev, Next): (CMBitMap*) 0x000001efbe4fe750, (CMBitMap*) 0x000001efbe4fe710
 Prev Bits: [0x000001efd7b30000, 0x000001efd9a48000)
 Next Bits: [0x000001efd5c10000, 0x000001efd7b28000)

Polling page: 0x000001efbdc90000

Metaspace:

Usage:
  Non-class:     20.31 MB used.
      Class:      2.93 MB used.
       Both:     23.24 MB used.

Virtual space:
  Non-class space:       24.00 MB reserved,      20.44 MB ( 85%) committed,  3 nodes.
      Class space:        1.00 GB reserved,       3.06 MB ( <1%) committed,  1 nodes.
             Both:        1.02 GB reserved,      23.50 MB (  2%) committed. 

Chunk freelists:
   Non-Class:  3.33 MB
       Class:  848.00 KB
        Both:  4.16 MB

MaxMetaspaceSize: unlimited
CompressedClassSpaceSize: 1.00 GB
Initial GC threshold: 21.00 MB
Current GC threshold: 35.25 MB
CDS: on
MetaspaceReclaimPolicy: balanced
 - commit_granule_bytes: 65536.
 - commit_granule_words: 8192.
 - virtual_space_node_default_size: 1048576.
 - enlarge_chunks_in_place: 1.
 - new_chunks_are_fully_committed: 0.
 - uncommit_free_chunks: 1.
 - use_allocation_guard: 0.
 - handle_deallocations: 1.


Internal statistics:

num_allocs_failed_limit: 3.
num_arena_births: 214.
num_arena_deaths: 0.
num_vsnodes_births: 4.
num_vsnodes_deaths: 0.
num_space_committed: 376.
num_space_uncommitted: 0.
num_chunks_returned_to_freelist: 3.
num_chunks_taken_from_freelist: 829.
num_chunk_merges: 3.
num_chunk_splits: 571.
num_chunks_enlarged: 446.
num_purges: 0.
num_inconsistent_stats: 0.

CodeHeap 'non-profiled nmethods': size=120000Kb used=931Kb max_used=931Kb free=119068Kb
 bounds [0x000001efcd7e0000, 0x000001efcda50000, 0x000001efd4d10000]
CodeHeap 'profiled nmethods': size=120000Kb used=4327Kb max_used=4327Kb free=115672Kb
 bounds [0x000001efc62b0000, 0x000001efc66f0000, 0x000001efcd7e0000]
CodeHeap 'non-nmethods': size=5760Kb used=1292Kb max_used=1307Kb free=4467Kb
 bounds [0x000001efc5d10000, 0x000001efc5f80000, 0x000001efc62b0000]
 total_blobs=2854 nmethods=2261 adapters=505
 compilation: enabled
              stopped_count=0, restarted_count=0
 full_count=0

Compilation events (20 events):
Event: 8.123 Thread 0x000001efdc461ad0 2257       3       java.util.Arrays::binarySearch (9 bytes)
Event: 8.123 Thread 0x000001efdc461ad0 nmethod 2257 0x000001efc66e6e10 code [0x000001efc66e6fa0, 0x000001efc66e70c8]
Event: 8.123 Thread 0x000001efdc461ad0 2256       3       com.google.common.base.CharMatcher$AnyOf::matches (17 bytes)
Event: 8.123 Thread 0x000001efdc461ad0 nmethod 2256 0x000001efc66e7190 code [0x000001efc66e7340, 0x000001efc66e7548]
Event: 8.123 Thread 0x000001efdc461ad0 2258       1       com.google.common.collect.ImmutableMultimap::asMap (5 bytes)
Event: 8.123 Thread 0x000001efdc461ad0 nmethod 2258 0x000001efcd8c8310 code [0x000001efcd8c84a0, 0x000001efcd8c8578]
Event: 8.125 Thread 0x000001efdc461ad0 2259       3       java.util.Formatter::ensureOpen (16 bytes)
Event: 8.125 Thread 0x000001efdc461ad0 nmethod 2259 0x000001efc66e7690 code [0x000001efc66e7840, 0x000001efc66e7a08]
Event: 8.129 Thread 0x000001efdc461ad0 2260       3       io.netty.handler.codec.http.DefaultHttpHeaders::access$200 (5 bytes)
Event: 8.130 Thread 0x000001efdc461ad0 nmethod 2260 0x000001efc66e7b10 code [0x000001efc66e7ca0, 0x000001efc66e7da8]
Event: 8.131 Thread 0x000001efdc461ad0 2261       3       io.netty.util.internal.shaded.org.jctools.queues.BaseMpscLinkedArrayQueueConsumerFields::lpConsumerIndex (11 bytes)
Event: 8.131 Thread 0x000001efdc461ad0 nmethod 2261 0x000001efc66e7e90 code [0x000001efc66e8020, 0x000001efc66e81f8]
Event: 8.132 Thread 0x000001efdc461ad0 2262       3       io.netty.util.internal.PlatformDependent::putByte (7 bytes)
Event: 8.132 Thread 0x000001efdc461ad0 nmethod 2262 0x000001efc66e8290 code [0x000001efc66e8420, 0x000001efc66e8528]
Event: 8.132 Thread 0x000001efdc461ad0 2263       3       io.netty.util.internal.PlatformDependent0::putByte (10 bytes)
Event: 8.132 Thread 0x000001efdc461ad0 nmethod 2263 0x000001efc66e8610 code [0x000001efc66e87a0, 0x000001efc66e8958]
Event: 8.133 Thread 0x000001efdc461ad0 2264       1       io.netty.channel.socket.nio.NioSocketChannel::config (5 bytes)
Event: 8.133 Thread 0x000001efdc461ad0 nmethod 2264 0x000001efcd8c8610 code [0x000001efcd8c87a0, 0x000001efcd8c8878]
Event: 8.134 Thread 0x000001efdc461ad0 2266       3       io.netty.util.internal.InternalThreadLocalMap::get (23 bytes)
Event: 8.135 Thread 0x000001efdc461ad0 nmethod 2266 0x000001efc66e8a10 code [0x000001efc66e8ca0, 0x000001efc66e9ab8]

GC Heap History (6 events):
Event: 1.541 GC heap before
{Heap before GC invocations=0 (full 0):
 garbage-first heap   total 129024K, used 23552K [0x0000000083a00000, 0x0000000100000000)
  region size 1024K, 23 young (23552K), 0 survivors (0K)
 Metaspace       used 7033K, committed 7232K, reserved 1056768K
  class space    used 801K, committed 896K, reserved 1048576K
}
Event: 1.547 GC heap after
{Heap after GC invocations=1 (full 0):
 garbage-first heap   total 129024K, used 7616K [0x0000000083a00000, 0x0000000100000000)
  region size 1024K, 3 young (3072K), 3 survivors (3072K)
 Metaspace       used 7033K, committed 7232K, reserved 1056768K
  class space    used 801K, committed 896K, reserved 1048576K
}
Event: 2.273 GC heap before
{Heap before GC invocations=1 (full 0):
 garbage-first heap   total 129024K, used 32192K [0x0000000083a00000, 0x0000000100000000)
  region size 1024K, 27 young (27648K), 3 survivors (3072K)
 Metaspace       used 15556K, committed 15808K, reserved 1064960K
  class space    used 1832K, committed 1920K, reserved 1048576K
}
Event: 2.280 GC heap after
{Heap after GC invocations=2 (full 0):
 garbage-first heap   total 129024K, used 10594K [0x0000000083a00000, 0x0000000100000000)
  region size 1024K, 3 young (3072K), 3 survivors (3072K)
 Metaspace       used 15556K, committed 15808K, reserved 1064960K
  class space    used 1832K, committed 1920K, reserved 1048576K
}
Event: 2.907 GC heap before
{Heap before GC invocations=2 (full 0):
 garbage-first heap   total 129024K, used 31074K [0x0000000083a00000, 0x0000000100000000)
  region size 1024K, 24 young (24576K), 3 survivors (3072K)
 Metaspace       used 21238K, committed 21504K, reserved 1073152K
  class space    used 2619K, committed 2752K, reserved 1048576K
}
Event: 2.913 GC heap after
{Heap after GC invocations=3 (full 0):
 garbage-first heap   total 129024K, used 11946K [0x0000000083a00000, 0x0000000100000000)
  region size 1024K, 5 young (5120K), 5 survivors (5120K)
 Metaspace       used 21238K, committed 21504K, reserved 1073152K
  class space    used 2619K, committed 2752K, reserved 1048576K
}

Deoptimization events (20 events):
Event: 2.199 Thread 0x000001efbe4bcdb0 DEOPT PACKING pc=0x000001efc65aa93e sp=0x000000d1849fb8d0
Event: 2.199 Thread 0x000001efbe4bcdb0 DEOPT UNPACKING pc=0x000001efc5d66763 sp=0x000000d1849fad50 mode 0
Event: 2.265 Thread 0x000001efbe4bcdb0 DEOPT PACKING pc=0x000001efc637fe7d sp=0x000000d1849fb550
Event: 2.265 Thread 0x000001efbe4bcdb0 DEOPT UNPACKING pc=0x000001efc5d66763 sp=0x000000d1849fa9d8 mode 0
Event: 2.523 Thread 0x000001efbe4bcdb0 Uncommon trap: trap_request=0xffffff45 fr.pc=0x000001efcd862d34 relative=0x0000000000000594
Event: 2.523 Thread 0x000001efbe4bcdb0 Uncommon trap: reason=unstable_if action=reinterpret pc=0x000001efcd862d34 method=java.lang.String.replace(CC)Ljava/lang/String; @ 2 c2
Event: 2.523 Thread 0x000001efbe4bcdb0 DEOPT PACKING pc=0x000001efcd862d34 sp=0x000000d1849fd2d0
Event: 2.523 Thread 0x000001efbe4bcdb0 DEOPT UNPACKING pc=0x000001efc5d65c23 sp=0x000000d1849fd280 mode 2
Event: 2.543 Thread 0x000001efde76a6b0 Uncommon trap: trap_request=0xffffff45 fr.pc=0x000001efcd87f478 relative=0x00000000000000d8
Event: 2.543 Thread 0x000001efde76a6b0 Uncommon trap: reason=unstable_if action=reinterpret pc=0x000001efcd87f478 method=java.lang.CharacterDataLatin1.digit(II)I @ 12 c2
Event: 2.543 Thread 0x000001efde76a6b0 DEOPT PACKING pc=0x000001efcd87f478 sp=0x000000d186efe690
Event: 2.543 Thread 0x000001efde76a6b0 DEOPT UNPACKING pc=0x000001efc5d65c23 sp=0x000000d186efe548 mode 2
Event: 2.567 Thread 0x000001efde76a6b0 Uncommon trap: trap_request=0xffffff45 fr.pc=0x000001efcd87f0c8 relative=0x00000000000000a8
Event: 2.567 Thread 0x000001efde76a6b0 Uncommon trap: reason=unstable_if action=reinterpret pc=0x000001efcd87f0c8 method=java.lang.CharacterDataLatin1.digit(II)I @ 12 c2
Event: 2.567 Thread 0x000001efde76a6b0 DEOPT PACKING pc=0x000001efcd87f0c8 sp=0x000000d186efe5e0
Event: 2.567 Thread 0x000001efde76a6b0 DEOPT UNPACKING pc=0x000001efc5d65c23 sp=0x000000d186efe558 mode 2
Event: 4.060 Thread 0x000001efbe4bcdb0 Uncommon trap: trap_request=0xffffffde fr.pc=0x000001efcd8a2334 relative=0x0000000000001034
Event: 4.060 Thread 0x000001efbe4bcdb0 Uncommon trap: reason=class_check action=maybe_recompile pc=0x000001efcd8a2334 method=java.util.concurrent.ConcurrentHashMap.putVal(Ljava/lang/Object;Ljava/lang/Object;Z)Ljava/lang/Object; @ 242 c2
Event: 4.060 Thread 0x000001efbe4bcdb0 DEOPT PACKING pc=0x000001efcd8a2334 sp=0x000000d1849fda70
Event: 4.060 Thread 0x000001efbe4bcdb0 DEOPT UNPACKING pc=0x000001efc5d65c23 sp=0x000000d1849fd9e0 mode 2

Classes unloaded (0 events):
No events

Classes redefined (0 events):
No events

Internal exceptions (20 events):
Event: 2.457 Thread 0x000001efbe4bcdb0 Exception <a 'java/lang/NoSuchMethodError'{0x000000008b0029e8}: 'void java.lang.invoke.DirectMethodHandle$Holder.invokeInterface(java.lang.Object, java.lang.Object, java.lang.Object)'> (0x000000008b0029e8) 
thrown [t:\workspace\open\src\hotspot\share\interpreter\linkResolver.cpp, line 766]
Event: 2.459 Thread 0x000001efbe4bcdb0 Exception <a 'java/lang/NoSuchMethodError'{0x000000008b00be58}: 'java.lang.Object java.lang.invoke.DirectMethodHandle$Holder.invokeVirtual(java.lang.Object, java.lang.Object, java.lang.Object)'> (0x000000008b00be58) 
thrown [t:\workspace\open\src\hotspot\share\interpreter\linkResolver.cpp, line 766]
Event: 2.535 Thread 0x000001efddff6830 Exception <a 'java/lang/NoSuchMethodError'{0x000000008ae8f8d8}: 'void java.lang.invoke.DirectMethodHandle$Holder.invokeStatic(java.lang.Object, long)'> (0x000000008ae8f8d8) 
thrown [t:\workspace\open\src\hotspot\share\interpreter\linkResolver.cpp, line 766]
Event: 2.536 Thread 0x000001efddff6830 Exception <a 'java/lang/NoSuchMethodError'{0x000000008ae94df8}: 'java.lang.Object java.lang.invoke.DirectMethodHandle$Holder.newInvokeSpecial(java.lang.Object, long)'> (0x000000008ae94df8) 
thrown [t:\workspace\open\src\hotspot\share\interpreter\linkResolver.cpp, line 766]
Event: 2.539 Thread 0x000001efddff6830 Exception <a 'java/lang/NoSuchMethodError'{0x000000008ae9f068}: 'java.lang.Object java.lang.invoke.DirectMethodHandle$Holder.invokeStaticInit(java.lang.Object, java.lang.Object, long, java.lang.Object)'> (0x000000008ae9f068) 
thrown [t:\workspace\open\src\hotspot\share\interpreter\linkResolver.cpp, line 766]
Event: 2.540 Thread 0x000001efddff6830 Exception <a 'java/lang/NoSuchMethodError'{0x000000008aea50b0}: 'java.lang.Object java.lang.invoke.DirectMethodHandle$Holder.newInvokeSpecial(java.lang.Object, java.lang.Object, long)'> (0x000000008aea50b0) 
thrown [t:\workspace\open\src\hotspot\share\interpreter\linkResolver.cpp, line 766]
Event: 2.541 Thread 0x000001efddff6830 Exception <a 'java/lang/NoSuchMethodError'{0x000000008aea8c20}: 'java.lang.Object java.lang.invoke.Invokers$Holder.linkToTargetMethod(java.lang.Object, long, java.lang.Object)'> (0x000000008aea8c20) 
thrown [t:\workspace\open\src\hotspot\share\interpreter\linkResolver.cpp, line 766]
Event: 2.544 Thread 0x000001efde76a6b0 Exception <a 'java/net/ConnectException'{0x000000008ad080b8}: Connection refused: no further information> (0x000000008ad080b8) 
thrown [t:\workspace\open\src\hotspot\share\prims\jni.cpp, line 535]
Event: 2.544 Thread 0x000001efde76a6b0 Exception <a 'java/net/SocketException'{0x000000008ad083f0}: Socket is not connected: shutdown> (0x000000008ad083f0) 
thrown [t:\workspace\open\src\hotspot\share\prims\jni.cpp, line 535]
Event: 2.568 Thread 0x000001efde76a6b0 Exception <a 'java/net/ConnectException'{0x000000008ad09458}: Connection refused: no further information> (0x000000008ad09458) 
thrown [t:\workspace\open\src\hotspot\share\prims\jni.cpp, line 535]
Event: 2.568 Thread 0x000001efde76a6b0 Exception <a 'java/net/SocketException'{0x000000008ad09790}: Socket is not connected: shutdown> (0x000000008ad09790) 
thrown [t:\workspace\open\src\hotspot\share\prims\jni.cpp, line 535]
Event: 2.614 Thread 0x000001efbe4bcdb0 Exception <a 'java/lang/NoSuchMethodError'{0x000000008ac0ba30}: 'double java.lang.invoke.DirectMethodHandle$Holder.invokeVirtual(java.lang.Object, java.lang.Object)'> (0x000000008ac0ba30) 
thrown [t:\workspace\open\src\hotspot\share\interpreter\linkResolver.cpp, line 766]
Event: 2.615 Thread 0x000001efbe4bcdb0 Exception <a 'java/lang/NoSuchMethodError'{0x000000008ac121d8}: 'float java.lang.invoke.DirectMethodHandle$Holder.invokeVirtual(java.lang.Object, java.lang.Object)'> (0x000000008ac121d8) 
thrown [t:\workspace\open\src\hotspot\share\interpreter\linkResolver.cpp, line 766]
Event: 2.616 Thread 0x000001efbe4bcdb0 Exception <a 'java/lang/NoSuchMethodError'{0x000000008ac1b1b8}: 'long java.lang.invoke.DirectMethodHandle$Holder.invokeVirtual(java.lang.Object, java.lang.Object)'> (0x000000008ac1b1b8) 
thrown [t:\workspace\open\src\hotspot\share\interpreter\linkResolver.cpp, line 766]
Event: 2.650 Thread 0x000001efbe4bcdb0 Exception <a 'java/lang/NoSuchMethodError'{0x000000008ab63310}: 'void java.lang.invoke.DirectMethodHandle$Holder.invokeSpecial(java.lang.Object, java.lang.Object, java.lang.Object, java.lang.Object, java.lang.Object)'> (0x000000008ab63310) 
thrown [t:\workspace\open\src\hotspot\share\interpreter\linkResolver.cpp, line 766]
Event: 2.650 Thread 0x000001efbe4bcdb0 Exception <a 'java/lang/NoSuchMethodError'{0x000000008ab6a1f0}: 'void java.lang.invoke.DirectMethodHandle$Holder.invokeStatic(java.lang.Object, java.lang.Object, int)'> (0x000000008ab6a1f0) 
thrown [t:\workspace\open\src\hotspot\share\interpreter\linkResolver.cpp, line 766]
Event: 2.682 Thread 0x000001efbe4bcdb0 Exception <a 'java/lang/NoSuchMethodError'{0x000000008aaf0d28}: 'int java.lang.invoke.DirectMethodHandle$Holder.invokeSpecialIFC(java.lang.Object, java.lang.Object, java.lang.Object)'> (0x000000008aaf0d28) 
thrown [t:\workspace\open\src\hotspot\share\interpreter\linkResolver.cpp, line 766]
Event: 2.743 Thread 0x000001efbe4bcdb0 Exception <a 'java/lang/NoSuchMethodError'{0x000000008a7db3d8}: 'void java.lang.invoke.DirectMethodHandle$Holder.invokeSpecial(java.lang.Object, java.lang.Object, java.lang.Object, java.lang.Object, java.lang.Object, java.lang.Object)'> (0x000000008a7db3d8) 
thrown [t:\workspace\open\src\hotspot\share\interpreter\linkResolver.cpp, line 766]
Event: 3.839 Thread 0x000001efbe4bcdb0 Exception <a 'java/lang/NoSuchMethodError'{0x0000000085f419d0}: 'java.lang.Object java.lang.invoke.DirectMethodHandle$Holder.invokeSpecialIFC(java.lang.Object, java.lang.Object, java.lang.Object)'> (0x0000000085f419d0) 
thrown [t:\workspace\open\src\hotspot\share\interpreter\linkResolver.cpp, line 766]
Event: 3.882 Thread 0x000001efbe4bcdb0 Exception <a 'java/lang/ClassNotFoundException'{0x0000000085e778f0}: sun/util/logging/resources/spi/loggingProvider> (0x0000000085e778f0) 
thrown [t:\workspace\open\src\hotspot\share\classfile\systemDictionary.cpp, line 256]

VM Operations (20 events):
Event: 2.485 Executing VM operation: HandshakeAllThreads
Event: 2.485 Executing VM operation: HandshakeAllThreads done
Event: 2.602 Executing VM operation: HandshakeAllThreads
Event: 2.602 Executing VM operation: HandshakeAllThreads done
Event: 2.603 Executing VM operation: HandshakeAllThreads
Event: 2.603 Executing VM operation: HandshakeAllThreads done
Event: 2.604 Executing VM operation: HandshakeAllThreads
Event: 2.604 Executing VM operation: HandshakeAllThreads done
Event: 2.907 Executing VM operation: CollectForMetadataAllocation
Event: 2.913 Executing VM operation: CollectForMetadataAllocation done
Event: 2.920 Executing VM operation: G1Concurrent
Event: 2.923 Executing VM operation: G1Concurrent done
Event: 2.926 Executing VM operation: G1Concurrent
Event: 2.927 Executing VM operation: G1Concurrent done
Event: 3.933 Executing VM operation: Cleanup
Event: 3.934 Executing VM operation: Cleanup done
Event: 4.948 Executing VM operation: Cleanup
Event: 4.948 Executing VM operation: Cleanup done
Event: 7.960 Executing VM operation: Cleanup
Event: 7.960 Executing VM operation: Cleanup done

Events (20 events):
Event: 4.037 loading class java/util/stream/SortedOps$AbstractRefSortingSink
Event: 4.037 loading class java/util/stream/SortedOps$AbstractRefSortingSink done
Event: 4.037 loading class java/util/stream/SortedOps$SizedRefSortingSink done
Event: 4.057 loading class java/util/regex/Pattern$BnM
Event: 4.057 loading class java/util/regex/Pattern$BnM done
Event: 4.061 loading class jdk/internal/reflect/UnsafeLongFieldAccessorImpl
Event: 4.061 loading class jdk/internal/reflect/UnsafeLongFieldAccessorImpl done
Event: 4.428 loading class java/util/concurrent/ConcurrentLinkedDeque$Itr
Event: 4.428 loading class java/util/concurrent/ConcurrentLinkedDeque$AbstractItr
Event: 4.429 loading class java/util/concurrent/ConcurrentLinkedDeque$AbstractItr done
Event: 4.429 loading class java/util/concurrent/ConcurrentLinkedDeque$Itr done
Event: 7.608 Thread 0x000001efde76b050 Thread exited: 0x000001efde76b050
Event: 7.935 loading class java/lang/annotation/ElementType
Event: 7.936 loading class java/lang/annotation/ElementType done
Event: 7.993 loading class java/util/AbstractList$ListItr
Event: 7.993 loading class java/util/AbstractList$ListItr done
Event: 8.126 loading class java/net/URLEncoder
Event: 8.127 loading class java/net/URLEncoder done
Event: 8.127 loading class java/io/CharArrayWriter
Event: 8.127 loading class java/io/CharArrayWriter done


Dynamic libraries:
0x00007ff79a260000 - 0x00007ff79a270000 	C:\Program Files\Java\jdk-17.0.2\bin\javaw.exe
0x00007ffdc4c40000 - 0x00007ffdc4e49000 	C:\WINDOWS\SYSTEM32\ntdll.dll
0x00007ffdc3fc0000 - 0x00007ffdc407d000 	C:\WINDOWS\System32\KERNEL32.DLL
0x00007ffdc2760000 - 0x00007ffdc2ad4000 	C:\WINDOWS\System32\KERNELBASE.dll
0x00007ffdc2520000 - 0x00007ffdc2631000 	C:\WINDOWS\System32\ucrtbase.dll
0x00007ffd93900000 - 0x00007ffd93918000 	C:\Program Files\Java\jdk-17.0.2\bin\jli.dll
0x00007ffd938e0000 - 0x00007ffd938fa000 	C:\Program Files\Java\jdk-17.0.2\bin\VCRUNTIME140.dll
0x00007ffdc2e20000 - 0x00007ffdc2ece000 	C:\WINDOWS\System32\ADVAPI32.dll
0x00007ffdc3dd0000 - 0x00007ffdc3e73000 	C:\WINDOWS\System32\msvcrt.dll
0x00007ffdc3d20000 - 0x00007ffdc3dbe000 	C:\WINDOWS\System32\sechost.dll
0x00007ffdc3e80000 - 0x00007ffdc3fa0000 	C:\WINDOWS\System32\RPCRT4.dll
0x00007ffdc47c0000 - 0x00007ffdc496c000 	C:\WINDOWS\System32\USER32.dll
0x00007ffdc2470000 - 0x00007ffdc2496000 	C:\WINDOWS\System32\win32u.dll
0x00007ffdc1310000 - 0x00007ffdc15b5000 	C:\WINDOWS\WinSxS\amd64_microsoft.windows.common-controls_6595b64144ccf1df_6.0.22000.120_none_9d947278b86cc467\COMCTL32.dll
0x00007ffdc2ae0000 - 0x00007ffdc2b09000 	C:\WINDOWS\System32\GDI32.dll
0x00007ffdc2640000 - 0x00007ffdc2752000 	C:\WINDOWS\System32\gdi32full.dll
0x00007ffdc2260000 - 0x00007ffdc22fd000 	C:\WINDOWS\System32\msvcp_win.dll
0x00007ffdb8c90000 - 0x00007ffdb8c9a000 	C:\WINDOWS\SYSTEM32\VERSION.dll
0x00007ffdc4ad0000 - 0x00007ffdc4b01000 	C:\WINDOWS\System32\IMM32.DLL
0x00007ffdae610000 - 0x00007ffdae61c000 	C:\Program Files\Java\jdk-17.0.2\bin\vcruntime140_1.dll
0x00007ffd80a50000 - 0x00007ffd80add000 	C:\Program Files\Java\jdk-17.0.2\bin\msvcp140.dll
0x00007ffd5d6f0000 - 0x00007ffd5e2b1000 	C:\Program Files\Java\jdk-17.0.2\bin\server\jvm.dll
0x00007ffdc2ba0000 - 0x00007ffdc2ba8000 	C:\WINDOWS\System32\PSAPI.DLL
0x00007ffdbee60000 - 0x00007ffdbee93000 	C:\WINDOWS\SYSTEM32\WINMM.dll
0x00007ffdc0740000 - 0x00007ffdc0749000 	C:\WINDOWS\SYSTEM32\WSOCK32.dll
0x00007ffdc4a50000 - 0x00007ffdc4abf000 	C:\WINDOWS\System32\WS2_32.dll
0x00007ffdc03b0000 - 0x00007ffdc03c8000 	C:\WINDOWS\SYSTEM32\kernel.appcore.dll
0x00007ffdba460000 - 0x00007ffdba46a000 	C:\Program Files\Java\jdk-17.0.2\bin\jimage.dll
0x00007ffdc1a80000 - 0x00007ffdc1ca1000 	C:\WINDOWS\SYSTEM32\DBGHELP.DLL
0x00007ffdc1780000 - 0x00007ffdc17b1000 	C:\WINDOWS\SYSTEM32\dbgcore.DLL
0x00007ffdc24a0000 - 0x00007ffdc251f000 	C:\WINDOWS\System32\bcryptPrimitives.dll
0x00007ffdb0a60000 - 0x00007ffdb0a85000 	C:\Program Files\Java\jdk-17.0.2\bin\java.dll
0x00007ffd8d770000 - 0x00007ffd8d846000 	C:\Program Files\Java\jdk-17.0.2\bin\jsvml.dll
0x00007ffdc3250000 - 0x00007ffdc39fe000 	C:\WINDOWS\System32\SHELL32.dll
0x00007ffdbf240000 - 0x00007ffdbfaa8000 	C:\WINDOWS\SYSTEM32\windows.storage.dll
0x00007ffdc2ed0000 - 0x00007ffdc3248000 	C:\WINDOWS\System32\combase.dll
0x00007ffdbf0d0000 - 0x00007ffdbf236000 	C:\WINDOWS\SYSTEM32\wintypes.dll
0x00007ffdc4b10000 - 0x00007ffdc4bfa000 	C:\WINDOWS\System32\SHCORE.dll
0x00007ffdc4970000 - 0x00007ffdc49cd000 	C:\WINDOWS\System32\shlwapi.dll
0x00007ffdc2060000 - 0x00007ffdc2081000 	C:\WINDOWS\SYSTEM32\profapi.dll
0x00007ffdb09b0000 - 0x00007ffdb09c9000 	C:\Program Files\Java\jdk-17.0.2\bin\net.dll
0x00007ffdba340000 - 0x00007ffdba44c000 	C:\WINDOWS\SYSTEM32\WINHTTP.dll
0x00007ffdc1170000 - 0x00007ffdc11d7000 	C:\WINDOWS\system32\mswsock.dll
0x00007ffdae5f0000 - 0x00007ffdae606000 	C:\Program Files\Java\jdk-17.0.2\bin\nio.dll
0x00007ffda9fd0000 - 0x00007ffda9fe8000 	C:\Program Files\Java\jdk-17.0.2\bin\zip.dll
0x00007ffdba450000 - 0x00007ffdba460000 	C:\Program Files\Java\jdk-17.0.2\bin\verify.dll
0x00007ffdbff40000 - 0x00007ffdc0027000 	C:\WINDOWS\SYSTEM32\DNSAPI.dll
0x00007ffdbfed0000 - 0x00007ffdbfefd000 	C:\WINDOWS\SYSTEM32\IPHLPAPI.DLL
0x00007ffdc3dc0000 - 0x00007ffdc3dc9000 	C:\WINDOWS\System32\NSI.dll
0x00007ffdb04d0000 - 0x00007ffdb04da000 	C:\Windows\System32\rasadhlp.dll
0x00007ffdb77a0000 - 0x00007ffdb7821000 	C:\WINDOWS\System32\fwpuclnt.dll
0x00007ffdc1de0000 - 0x00007ffdc1df8000 	C:\WINDOWS\SYSTEM32\CRYPTSP.dll
0x00007ffdc0310000 - 0x00007ffdc0345000 	C:\WINDOWS\system32\rsaenh.dll
0x00007ffdc1290000 - 0x00007ffdc12b9000 	C:\WINDOWS\SYSTEM32\USERENV.dll
0x00007ffdc1880000 - 0x00007ffdc18a7000 	C:\WINDOWS\SYSTEM32\bcrypt.dll
0x00007ffdc1120000 - 0x00007ffdc112c000 	C:\WINDOWS\SYSTEM32\CRYPTBASE.dll
0x00007ffdba260000 - 0x00007ffdba279000 	C:\WINDOWS\SYSTEM32\dhcpcsvc6.DLL
0x00007ffdbb300000 - 0x00007ffdbb31e000 	C:\WINDOWS\SYSTEM32\dhcpcsvc.DLL
0x00007ffdac7a0000 - 0x00007ffdac7a9000 	C:\Program Files\Java\jdk-17.0.2\bin\management.dll
0x00007ffdaad50000 - 0x00007ffdaad5b000 	C:\Program Files\Java\jdk-17.0.2\bin\management_ext.dll
0x00007ffda9d40000 - 0x00007ffda9d4e000 	C:\Program Files\Java\jdk-17.0.2\bin\sunmscapi.dll
0x00007ffdc2300000 - 0x00007ffdc2462000 	C:\WINDOWS\System32\CRYPT32.dll
0x00007ffdc1640000 - 0x00007ffdc1668000 	C:\WINDOWS\SYSTEM32\ncrypt.dll
0x00007ffdc1600000 - 0x00007ffdc1637000 	C:\WINDOWS\SYSTEM32\NTASN1.dll
0x00007ffdae260000 - 0x00007ffdae268000 	C:\WINDOWS\system32\wshunix.dll
0x00007ffd3f100000 - 0x00007ffd3f117000 	C:\WINDOWS\system32\napinsp.dll
0x00007ffd3f0e0000 - 0x00007ffd3f0fb000 	C:\WINDOWS\system32\pnrpnsp.dll
0x00007ffd3f0c0000 - 0x00007ffd3f0d2000 	C:\WINDOWS\System32\winrnr.dll
0x00007ffdb8b50000 - 0x00007ffdb8b65000 	C:\WINDOWS\system32\wshbth.dll
0x00007ffdc0720000 - 0x00007ffdc073f000 	C:\WINDOWS\system32\nlansp_c.dll

dbghelp: loaded successfully - version: 4.0.5 - missing functions: none
symbol engine: initialized successfully - sym options: 0x614 - pdb path: .;C:\Program Files\Java\jdk-17.0.2\bin;C:\WINDOWS\SYSTEM32;C:\WINDOWS\WinSxS\amd64_microsoft.windows.common-controls_6595b64144ccf1df_6.0.22000.120_none_9d947278b86cc467;C:\Program Files\Java\jdk-17.0.2\bin\server

VM Arguments:
jvm_args: -ea -Dfile.encoding=Cp1252 -XX:+ShowCodeDetailsInExceptionMessages 
java_command: org.testng.remote.RemoteTestNG -serport 60144 -protocol json -d C:\Users\Suchi\new-workspace\travelgoibibo.com\test-output C:\Users\Suchi\new-workspace\travelgoibibo.com\TestNG.xml
java_class_path (initial): C:\Users\Suchi\eclipse\jee-2021-12\eclipse\configuration\org.eclipse.osgi\948\0\.cp\lib\testng-remote.jar;C:\Users\Suchi\new-workspace\travelgoibibo.com\target\test-classes;C:\Users\Suchi\new-workspace\travelgoibibo.com\target\classes;C:\Users\Suchi\.m2\repository\junit\junit\4.11\junit-4.11.jar;C:\Users\Suchi\.m2\repository\org\hamcrest\hamcrest-core\1.3\hamcrest-core-1.3.jar;C:\Users\Suchi\.m2\repository\org\seleniumhq\selenium\selenium-java\4.1.3\selenium-java-4.1.3.jar;C:\Users\Suchi\.m2\repository\org\seleniumhq\selenium\selenium-api\4.1.3\selenium-api-4.1.3.jar;C:\Users\Suchi\.m2\repository\org\seleniumhq\selenium\selenium-chrome-driver\4.1.3\selenium-chrome-driver-4.1.3.jar;C:\Users\Suchi\.m2\repository\com\google\auto\service\auto-service-annotations\1.0.1\auto-service-annotations-1.0.1.jar;C:\Users\Suchi\.m2\repository\com\google\auto\service\auto-service\1.0.1\auto-service-1.0.1.jar;C:\Users\Suchi\.m2\repository\com\google\auto\auto-common\1.2\auto-common-1.2.jar;C:\Users\Suchi\.m2\repository\com\google\guava\guava\31.1-jre\guava-31.1-jre.jar;C:\Users\Suchi\.m2\repository\com\google\guava\failureaccess\1.0.1\failureaccess-1.0.1.jar;C:\Users\Suchi\.m2\repository\com\google\guava\listenablefuture\9999.0-empty-to-avoid-conflict-with-guava\listenablefuture-9999.0-empty-to-avoid-conflict-with-guava.jar;C:\Users\Suchi\.m2\repository\org\checkerframework\checker-qual\3.12.0\checker-qual-3.12.0.jar;C:\Users\Suchi\.m2\repository\com\google\errorprone\error_prone_annotations\2.11.0\error_prone_annotations-2.11.0.jar;C:\Users\Suchi\.m2\repository\com\google\j2objc\j2objc-annotations\1.3\j2objc-annotations-1.3.jar;C:\Users\Suchi\.m2\repository\org\seleniumhq\selenium\selenium-chromium-driver\4.1.3\selenium-chromium-driver-4.1.3.jar;C:\Users\Suchi\.m2\repository\org\seleniumhq\selenium\selenium-json\4.1.3\selenium-json-4.1.3.jar;C:\Users\Suchi\.m2\repository\org\seleniumhq\selenium\selenium-devtools-v85\4.1.3\selenium-devtools-v85-4.1.3.jar
Launcher Type: SUN_STANDARD

[Global flags]
     intx CICompilerCount                          = 4                                         {product} {ergonomic}
     uint ConcGCThreads                            = 2                                         {product} {ergonomic}
     uint G1ConcRefinementThreads                  = 8                                         {product} {ergonomic}
   size_t G1HeapRegionSize                         = 1048576                                   {product} {ergonomic}
    uintx GCDrainStackTargetSize                   = 64                                        {product} {ergonomic}
   size_t InitialHeapSize                          = 132120576                                 {product} {ergonomic}
   size_t MarkStackSize                            = 4194304                                   {product} {ergonomic}
   size_t MaxHeapSize                              = 2086666240                                {product} {ergonomic}
   size_t MaxNewSize                               = 1251999744                                {product} {ergonomic}
   size_t MinHeapDeltaBytes                        = 1048576                                   {product} {ergonomic}
   size_t MinHeapSize                              = 8388608                                   {product} {ergonomic}
    uintx NonNMethodCodeHeapSize                   = 5839372                                {pd product} {ergonomic}
    uintx NonProfiledCodeHeapSize                  = 122909434                              {pd product} {ergonomic}
    uintx ProfiledCodeHeapSize                     = 122909434                              {pd product} {ergonomic}
    uintx ReservedCodeCacheSize                    = 251658240                              {pd product} {ergonomic}
     bool SegmentedCodeCache                       = true                                      {product} {ergonomic}
     bool ShowCodeDetailsInExceptionMessages       = true                                   {manageable} {command line}
   size_t SoftMaxHeapSize                          = 2086666240                             {manageable} {ergonomic}
     bool UseCompressedClassPointers               = true                           {product lp64_product} {ergonomic}
     bool UseCompressedOops                        = true                           {product lp64_product} {ergonomic}
     bool UseG1GC                                  = true                                      {product} {ergonomic}
     bool UseLargePagesIndividualAllocation        = false                                  {pd product} {ergonomic}

Logging:
Log output configuration:
 #0: stdout all=warning uptime,level,tags
 #1: stderr all=off uptime,level,tags

Environment Variables:
PATH=C:/Program Files/Java/jdk-17.0.2/bin/server;C:/Program Files/Java/jdk-17.0.2/bin;C:\Program Files\Java\jdk-17.0.2\bin;C:\WINDOWS\system32;C:\WINDOWS;C:\WINDOWS\System32\Wbem;C:\WINDOWS\System32\WindowsPowerShell\v1.0\;C:\WINDOWS\System32\OpenSSH\;C:\Program Files\dotnet\;C:\Users\Suchi\AppData\Local\Microsoft\WindowsApps;;C:\WINDOWS\System32;
USERNAME=Suchi
OS=Windows_NT
PROCESSOR_IDENTIFIER=Intel64 Family 6 Model 126 Stepping 5, GenuineIntel



---------------  S Y S T E M  ---------------

OS:
 Windows 11 , 64 bit Build 22000 (10.0.22000.434)
OS uptime: 2 days 13:04 hours

CPU: total 8 (initial active 8) (4 cores per cpu, 2 threads per core) family 6 model 126 stepping 5 microcode 0xa6, cx8, cmov, fxsr, ht, mmx, 3dnowpref, sse, sse2, sse3, ssse3, sse4.1, sse4.2, popcnt, lzcnt, tsc, tscinvbit, avx, avx2, aes, erms, clmul, bmi1, bmi2, adx, avx512f, avx512dq, avx512cd, avx512bw, avx512vl, sha, fma, vzeroupper, avx512_vpopcntdq, avx512_vpclmulqdq, avx512_vaes, avx512_vnni, clflush, clflushopt, avx512_vbmi2, avx512_vbmi

Memory: 4k page, system-wide physical 7959M (1100M free)
TotalPageFile size 20917M (AvailPageFile size 4M)
current process WorkingSet (physical memory assigned to process): 125M, peak: 127M
current process commit charge ("private bytes"): 185M, peak: 252M

vm_info: Java HotSpot(TM) 64-Bit Server VM (17.0.2+8-LTS-86) for windows-amd64 JRE (17.0.2+8-LTS-86), built on Dec  7 2021 21:51:03 by "mach5one" with MS VC++ 16.8 / 16.9 (VS2019)

END.
